<?xml version="1.0" encoding="UTF-8" ?>
<testsuite errors="0" failures="0" hostname="DESKTOP-ML53M96" name="test.cprl.TesteEmLote06IncorretosCPRL0" skipped="0" tests="1" time="0.431" timestamp="2021-07-16T21:07:30">
  <properties>
[...]
</properties>
  <testcase classname="test.cprl.TesteEmLote06IncorretosCPRL0" name="testeEmLote06IncorretosCPRL0" time="0.289" />
  <system-out><![CDATA[#### Testando TesteIncorrect_101 ####
*********** Resultado:
Starting compilation for Incorrect_101.cprl...
*** Syntax error detected near line 7, character 4:
    Expecting ";" but found "else" instead.
Errors detected in Incorrect_101.cprl -- compilation terminated.

*********** Esperado:
Starting compilation for Incorrect_101.cprl...
*** Syntax error detected near line 7, character 4:
    Expecting ";" but found "else" instead.
Errors detected in Incorrect_101.cprl -- compilation terminated.

### TesteIncorrect_101 ok! ###

------------------------------------


#### Testando TesteIncorrect_102 ####
*********** Resultado:
Starting compilation for Incorrect_102.cprl...
*** Syntax error detected near line 8, character 4:
    Expecting "." but found ";" instead.
Errors detected in Incorrect_102.cprl -- compilation terminated.

*********** Esperado:
Starting compilation for Incorrect_102.cprl...
*** Syntax error detected near line 8, character 4:
    Expecting "." but found ";" instead.
Errors detected in Incorrect_102.cprl -- compilation terminated.

### TesteIncorrect_102 ok! ###

------------------------------------


#### Testando TesteIncorrect_103 ####
*********** Resultado:
Starting compilation for Incorrect_103.cprl...
*** Syntax error detected near line 7, character 4:
    Identifier "i" cannot start a statement.
Errors detected in Incorrect_103.cprl -- compilation terminated.

*********** Esperado:
Starting compilation for Incorrect_103.cprl...
*** Syntax error detected near line 7, character 4:
    Identifier "i" cannot start a statement.
Errors detected in Incorrect_103.cprl -- compilation terminated.

### TesteIncorrect_103 ok! ###

------------------------------------


#### Testando TesteIncorrect_104 ####
*********** Resultado:
Starting compilation for Incorrect_104.cprl...
*** Syntax error detected near line 6, character 13:
    Identifier "z" has not been declared.
Errors detected in Incorrect_104.cprl -- compilation terminated.

*********** Esperado:
Starting compilation for Incorrect_104.cprl...
*** Syntax error detected near line 6, character 13:
    Identifier "z" has not been declared.
Errors detected in Incorrect_104.cprl -- compilation terminated.

### TesteIncorrect_104 ok! ###

------------------------------------


#### Testando TesteIncorrect_105 ####
*********** Resultado:
Starting compilation for Incorrect_105.cprl...
*** Syntax error detected near line 5, character 9:
    Identifier "FALSE" has not been declared.
Errors detected in Incorrect_105.cprl -- compilation terminated.

*********** Esperado:
Starting compilation for Incorrect_105.cprl...
*** Syntax error detected near line 5, character 9:
    Identifier "FALSE" has not been declared.
Errors detected in Incorrect_105.cprl -- compilation terminated.

### TesteIncorrect_105 ok! ###

------------------------------------


#### Testando TesteIncorrect_106 ####
*********** Resultado:
Starting compilation for Incorrect_106.cprl...
*** Syntax error detected near line 5, character 13:
    Invalid literal expression.
*** Syntax error detected near line 9, character 9:
    Identifier "boolean" has not been declared.
*** Syntax error detected near line 13, character 7:
    Invalid expression.
*** Syntax error detected near line 16, character 7:
    Identifier "d" cannot start a statement.
Errors detected in Incorrect_106.cprl -- compilation terminated.

*********** Esperado:
Starting compilation for Incorrect_106.cprl...
*** Syntax error detected near line 5, character 13:
    Invalid literal expression.
*** Syntax error detected near line 9, character 9:
    Identifier "boolean" has not been declared.
*** Syntax error detected near line 13, character 7:
    Invalid expression.
*** Syntax error detected near line 16, character 7:
    Identifier "d" cannot start a statement.
Errors detected in Incorrect_106.cprl -- compilation terminated.

### TesteIncorrect_106 ok! ###

------------------------------------


#### Testando TesteIncorrect_107 ####
*********** Resultado:
Starting compilation for Incorrect_107.cprl...
Checking constraints...
*** Constraint error detected near line 5, character 6:
    Type mismatch for assignment statement.
Errors detected in Incorrect_107.cprl -- compilation terminated.

*********** Esperado:
Starting compilation for Incorrect_107.cprl...
Checking constraints...
*** Constraint error detected near line 5, character 6:
    Type mismatch for assignment statement.
Errors detected in Incorrect_107.cprl -- compilation terminated.

### TesteIncorrect_107 ok! ###

------------------------------------


#### Testando TesteIncorrect_108 ####
*********** Resultado:
Starting compilation for Incorrect_108.cprl...
Checking constraints...
*** Constraint error detected near line 6, character 9:
    An "if" condition should have type Boolean.
Errors detected in Incorrect_108.cprl -- compilation terminated.

*********** Esperado:
Starting compilation for Incorrect_108.cprl...
Checking constraints...
*** Constraint error detected near line 6, character 9:
    An "if" condition should have type Boolean.
Errors detected in Incorrect_108.cprl -- compilation terminated.

### TesteIncorrect_108 ok! ###

------------------------------------


#### Testando TesteIncorrect_109 ####
*********** Resultado:
Starting compilation for Incorrect_109.cprl...
*** Syntax error detected near line 2, character 7:
    Identifier "x" is already defined in the current scope.
Errors detected in Incorrect_109.cprl -- compilation terminated.

*********** Esperado:
Starting compilation for Incorrect_109.cprl...
*** Syntax error detected near line 2, character 7:
    Identifier "x" is already defined in the current scope.
Errors detected in Incorrect_109.cprl -- compilation terminated.

### TesteIncorrect_109 ok! ###

------------------------------------


#### Testando TesteIncorrect_110 ####
*********** Resultado:
Starting compilation for Incorrect_110.cprl...
*** Syntax error detected near line 5, character 1:
    Expecting ";" but found "end" instead.
Errors detected in Incorrect_110.cprl -- compilation terminated.

*********** Esperado:
Starting compilation for Incorrect_110.cprl...
*** Syntax error detected near line 5, character 1:
    Expecting ";" but found "end" instead.
Errors detected in Incorrect_110.cprl -- compilation terminated.

### TesteIncorrect_110 ok! ###

------------------------------------


#### Testando TesteIncorrect_111 ####
*********** Resultado:
Starting compilation for Incorrect_111.cprl...
*** Syntax error detected near line 6, character 4:
    Exit statement is not nested within a loop.
Errors detected in Incorrect_111.cprl -- compilation terminated.

*********** Esperado:
Starting compilation for Incorrect_111.cprl...
*** Syntax error detected near line 6, character 4:
    Exit statement is not nested within a loop.
Errors detected in Incorrect_111.cprl -- compilation terminated.

### TesteIncorrect_111 ok! ###

------------------------------------


#### Testando TesteIncorrect_112 ####
*********** Resultado:
Starting compilation for Incorrect_112.cprl...
*** Syntax error detected near line 1, character 9:
    Invalid type name.
Errors detected in Incorrect_112.cprl -- compilation terminated.

*********** Esperado:
Starting compilation for Incorrect_112.cprl...
*** Syntax error detected near line 1, character 9:
    Invalid type name.
Errors detected in Incorrect_112.cprl -- compilation terminated.

### TesteIncorrect_112 ok! ###

------------------------------------


#### Testando TesteIncorrect_113 ####
*********** Resultado:
Starting compilation for Incorrect_113.cprl...
*** Syntax error detected near line 5, character 4:
    Identifier "y" has not been declared.
Errors detected in Incorrect_113.cprl -- compilation terminated.

*********** Esperado:
Starting compilation for Incorrect_113.cprl...
*** Syntax error detected near line 5, character 4:
    Identifier "y" has not been declared.
Errors detected in Incorrect_113.cprl -- compilation terminated.

### TesteIncorrect_113 ok! ###

------------------------------------


#### Testando TesteIncorrect_114 ####
*********** Resultado:
Starting compilation for Incorrect_114.cprl...
Checking constraints...
*** Constraint error detected near line 5, character 6:
    Type mismatch for assignment statement.
Errors detected in Incorrect_114.cprl -- compilation terminated.

*********** Esperado:
Starting compilation for Incorrect_114.cprl...
Checking constraints...
*** Constraint error detected near line 5, character 6:
    Type mismatch for assignment statement.
Errors detected in Incorrect_114.cprl -- compilation terminated.

### TesteIncorrect_114 ok! ###

------------------------------------


#### Testando TesteIncorrect_115 ####
*********** Resultado:
Starting compilation for Incorrect_115.cprl...
*** Syntax error detected near line 7, character 6:
    Expecting ":=" but found "=" instead.
*** Syntax error detected near line 8, character 4:
    Identifier "five" cannot start a statement.
Errors detected in Incorrect_115.cprl -- compilation terminated.

*********** Esperado:
Starting compilation for Incorrect_115.cprl...
*** Syntax error detected near line 7, character 6:
    Expecting ":=" but found "=" instead.
*** Syntax error detected near line 8, character 4:
    Identifier "five" cannot start a statement.
Errors detected in Incorrect_115.cprl -- compilation terminated.

### TesteIncorrect_115 ok! ###

------------------------------------


#### Testando TesteIncorrect_116 ####
*********** Resultado:
Starting compilation for Incorrect_116.cprl...
Checking constraints...
*** Constraint error detected near line 7, character 12:
    The "while" expression should have type Boolean.
Errors detected in Incorrect_116.cprl -- compilation terminated.

*********** Esperado:
Starting compilation for Incorrect_116.cprl...
Checking constraints...
*** Constraint error detected near line 7, character 12:
    The "while" expression should have type Boolean.
Errors detected in Incorrect_116.cprl -- compilation terminated.

### TesteIncorrect_116 ok! ###

------------------------------------


#### Testando TesteIncorrect_117 ####
*********** Resultado:
Starting compilation for Incorrect_117.cprl...
Checking constraints...
*** Constraint error detected near line 6, character 9:
    The number "9999999999999" cannot be converted to an integer in CPRL.
Errors detected in Incorrect_117.cprl -- compilation terminated.

*********** Esperado:
Starting compilation for Incorrect_117.cprl...
Checking constraints...
*** Constraint error detected near line 6, character 9:
    The number "9999999999999" cannot be converted to an integer in CPRL.
Errors detected in Incorrect_117.cprl -- compilation terminated.

### TesteIncorrect_117 ok! ###

------------------------------------


#### Testando TesteIncorrect_118 ####
*********** Resultado:
Starting compilation for Incorrect_118.cprl...
Checking constraints...
*** Constraint error detected near line 7, character 13:
    Expression following "not" operator is not a Boolean expression.
Errors detected in Incorrect_118.cprl -- compilation terminated.

*********** Esperado:
Starting compilation for Incorrect_118.cprl...
Checking constraints...
*** Constraint error detected near line 7, character 13:
    Expression following "not" operator is not a Boolean expression.
Errors detected in Incorrect_118.cprl -- compilation terminated.

### TesteIncorrect_118 ok! ###

------------------------------------


#### Testando TesteIncorrect_119 ####
*********** Resultado:
Starting compilation for Incorrect_119.cprl...
Checking constraints...
*** Constraint error detected near line 8, character 15:
    Right operand for a logical expression should have type Boolean.
Errors detected in Incorrect_119.cprl -- compilation terminated.

*********** Esperado:
Starting compilation for Incorrect_119.cprl...
Checking constraints...
*** Constraint error detected near line 8, character 15:
    Right operand for a logical expression should have type Boolean.
Errors detected in Incorrect_119.cprl -- compilation terminated.

### TesteIncorrect_119 ok! ###

------------------------------------


#### Testando TesteIncorrect_120 ####
*********** Resultado:
Starting compilation for Incorrect_120.cprl...
Checking constraints...
*** Constraint error detected near line 9, character 17:
    The "when" expression should have type Boolean.
Errors detected in Incorrect_120.cprl -- compilation terminated.

*********** Esperado:
Starting compilation for Incorrect_120.cprl...
Checking constraints...
*** Constraint error detected near line 9, character 17:
    The "when" expression should have type Boolean.
Errors detected in Incorrect_120.cprl -- compilation terminated.

### TesteIncorrect_120 ok! ###

------------------------------------


#### Testando TesteIncorrect_121 ####
*********** Resultado:
Starting compilation for Incorrect_121.cprl...
Checking constraints...
*** Constraint error detected near line 5, character 9:
    Input supported only for integers and characters.
Errors detected in Incorrect_121.cprl -- compilation terminated.

*********** Esperado:
Starting compilation for Incorrect_121.cprl...
Checking constraints...
*** Constraint error detected near line 5, character 9:
    Input supported only for integers and characters.
Errors detected in Incorrect_121.cprl -- compilation terminated.

### TesteIncorrect_121 ok! ###

------------------------------------


#### Testando TesteIncorrect_122 ####
*********** Resultado:
Starting compilation for Incorrect_122.cprl...
*** Lexical error detected near line 8, character 30:
    Illegal escape character.
*** Lexical error detected near line 9, character 30:
    Illegal escape character.
Errors detected in Incorrect_122.cprl -- compilation terminated.

*********** Esperado:
Starting compilation for Incorrect_122.cprl...
*** Lexical error detected near line 8, character 30:
    Illegal escape character.
*** Lexical error detected near line 9, character 30:
    Illegal escape character.
Errors detected in Incorrect_122.cprl -- compilation terminated.

### TesteIncorrect_122 ok! ###

------------------------------------


#### Testando TesteIncorrect_123 ####
*********** Resultado:
Starting compilation for Incorrect_123.cprl...
*** Lexical error detected near line 8, character 37:
    Illegal escape character.
*** Lexical error detected near line 9, character 37:
    Illegal escape character.
Errors detected in Incorrect_123.cprl -- compilation terminated.

*********** Esperado:
Starting compilation for Incorrect_123.cprl...
*** Lexical error detected near line 8, character 37:
    Illegal escape character.
*** Lexical error detected near line 9, character 37:
    Illegal escape character.
Errors detected in Incorrect_123.cprl -- compilation terminated.

### TesteIncorrect_123 ok! ###

------------------------------------


#### Testando TesteIncorrect_124 ####
*********** Resultado:
Starting compilation for Incorrect_124.cprl...
Checking constraints...
*** Constraint error detected near line 2, character 14:
    The number "9999999999999" cannot be converted to an integer in CPRL.
Errors detected in Incorrect_124.cprl -- compilation terminated.

*********** Esperado:
Starting compilation for Incorrect_124.cprl...
Checking constraints...
*** Constraint error detected near line 2, character 14:
    The number "9999999999999" cannot be converted to an integer in CPRL.
Errors detected in Incorrect_124.cprl -- compilation terminated.

### TesteIncorrect_124 ok! ###

------------------------------------


#### Testando TesteIncorrect_125 ####
*********** Resultado:
Starting compilation for Incorrect_125.cprl...
*** Syntax error detected near line 6, character 4:
    Return statement is not nested within a subprogram.
Errors detected in Incorrect_125.cprl -- compilation terminated.

*********** Esperado:
Starting compilation for Incorrect_125.cprl...
*** Syntax error detected near line 6, character 4:
    Return statement is not nested within a subprogram.
Errors detected in Incorrect_125.cprl -- compilation terminated.

### TesteIncorrect_125 ok! ###

------------------------------------


#### Testando TesteIncorrect_126 ####
*********** Resultado:
Starting compilation for Incorrect_126.cprl...
*** Syntax error detected near line 9, character 7:
    Identifier "y" has not been declared.
Errors detected in Incorrect_126.cprl -- compilation terminated.

*********** Esperado:
Starting compilation for Incorrect_126.cprl...
*** Syntax error detected near line 9, character 7:
    Identifier "y" has not been declared.
Errors detected in Incorrect_126.cprl -- compilation terminated.

### TesteIncorrect_126 ok! ###

------------------------------------


#### Testando TesteIncorrect_127 ####
*********** Resultado:
Starting compilation for Incorrect_127.cprl...
Checking constraints...
*** Constraint error detected near line 9, character 9:
    Type mismatch for left and right operands of a relational expression.
*** Constraint error detected near line 14, character 11:
    Type of operands not permitted for a relational expression.
Errors detected in Incorrect_127.cprl -- compilation terminated.

*********** Esperado:
Starting compilation for Incorrect_127.cprl...
Checking constraints...
*** Constraint error detected near line 9, character 9:
    Type mismatch for left and right operands of a relational expression.
*** Constraint error detected near line 14, character 11:
    Type of operands not permitted for a relational expression.
Errors detected in Incorrect_127.cprl -- compilation terminated.

### TesteIncorrect_127 ok! ###

------------------------------------


#### Testando TesteIncorrect_128 ####
*********** Resultado:
Starting compilation for Incorrect_128.cprl...
*** Syntax error detected near line 8, character 1:
    Expecting "end" but found "and" instead.
Errors detected in Incorrect_128.cprl -- compilation terminated.

*********** Esperado:
Starting compilation for Incorrect_128.cprl...
*** Syntax error detected near line 8, character 1:
    Expecting "end" but found "and" instead.
Errors detected in Incorrect_128.cprl -- compilation terminated.

### TesteIncorrect_128 ok! ###

------------------------------------


#### Testando TesteIncorrect_129 ####
*********** Resultado:
Starting compilation for Incorrect_129.cprl...
*** Syntax error detected near line 1, character 8:
    Expecting ":=" but found "," instead.
Errors detected in Incorrect_129.cprl -- compilation terminated.

*********** Esperado:
Starting compilation for Incorrect_129.cprl...
*** Syntax error detected near line 1, character 8:
    Expecting ":=" but found "," instead.
Errors detected in Incorrect_129.cprl -- compilation terminated.

### TesteIncorrect_129 ok! ###

------------------------------------


]]></system-out>
  <system-err><![CDATA[Processando TesteIncorrect_101
Processando TesteIncorrect_102
Processando TesteIncorrect_103
Processando TesteIncorrect_104
Processando TesteIncorrect_105
Processando TesteIncorrect_106
Processando TesteIncorrect_107
Processando TesteIncorrect_108
Processando TesteIncorrect_109
Processando TesteIncorrect_110
Processando TesteIncorrect_111
Processando TesteIncorrect_112
Processando TesteIncorrect_113
Processando TesteIncorrect_114
Processando TesteIncorrect_115
Processando TesteIncorrect_116
Processando TesteIncorrect_117
Processando TesteIncorrect_118
Processando TesteIncorrect_119
Processando TesteIncorrect_120
Processando TesteIncorrect_121
Processando TesteIncorrect_122
Processando TesteIncorrect_123
Processando TesteIncorrect_124
Processando TesteIncorrect_125
Processando TesteIncorrect_126
Processando TesteIncorrect_127
Processando TesteIncorrect_128
Processando TesteIncorrect_129
]]></system-err>
</testsuite>
