<?xml version="1.0" encoding="UTF-8" ?>
<testsuite errors="0" failures="1" hostname="DESKTOP-ML53M96" name="test.cprl.TesteEmLote05TodosCorretos" skipped="0" tests="1" time="0.664" timestamp="2021-07-16T21:07:24">
  <properties>
[...]
</properties>
  <testcase classname="test.cprl.TesteEmLote05TodosCorretos" name="testeEmLote05TodosCorretos" time="0.519">
    <failure message="expected:&lt;...REW&#xa;   LDGADDR 0&#xa;   [CALL L0&#xa;   LDGADDR 0&#xa;   ]LOADW&#xa;   PUTINT&#xa;   P...&gt; but was:&lt;...REW&#xa;   LDGADDR 0&#xa;   []LOADW&#xa;   PUTINT&#xa;   P...&gt;" type="junit.framework.AssertionFailedError">junit.framework.AssertionFailedError: expected:&lt;...REW
   LDGADDR 0
   [CALL L0
   LDGADDR 0
   ]LOADW
   PUTINT
   P...&gt; but was:&lt;...REW
   LDGADDR 0
   []LOADW
   PUTINT
   P...&gt;
	at test.cprl.TestUtils.testarVarios(TestUtils.java:350)
	at test.cprl.TestUtils.testeEmLote(TestUtils.java:510)
	at test.cprl.TesteEmLote05TodosCorretos.testeEmLote05TodosCorretos(TesteEmLote05TodosCorretos.java:25)
	at java.base/jdk.internal.reflect.NativeMethodAccessorImpl.invoke0(Native Method)
	at java.base/jdk.internal.reflect.NativeMethodAccessorImpl.invoke(NativeMethodAccessorImpl.java:78)
	at java.base/jdk.internal.reflect.DelegatingMethodAccessorImpl.invoke(DelegatingMethodAccessorImpl.java:43)
</failure>
  </testcase>
  <system-out><![CDATA[#### Testando TesteHello ####
*********** Resultado:
Starting compilation for Hello.cprl...
Checking constraints...
Generating code...
   LDCSTR "Hello, world."
   PUTSTR
   PUTEOL
   HALT
Compilation complete.

*********** Esperado:
Starting compilation for Hello.cprl...
Checking constraints...
Generating code...
   LDCSTR "Hello, world."
   PUTSTR
   PUTEOL
   HALT
Compilation complete.

### TesteHello ok! ###

------------------------------------


#### Testando TesteCorrect_101 ####
*********** Resultado:
Starting compilation for Correct_101.cprl...
Checking constraints...
Generating code...
   PROGRAM 10
   LDGADDR 0
   LDCINT 7
   STOREW
   LDGADDR 4
   LDCINT 5
   LDGADDR 0
   LOADW
   MUL
   STOREW
   LDGADDR 8
   LDCCH 'X'
   STORE2B
   LDCSTR "n = "
   PUTSTR
   LDGADDR 4
   LOADW
   PUTINT
   PUTEOL
   LDCSTR "c = "
   PUTSTR
   LDGADDR 8
   LOAD2B
   PUTCH
   PUTEOL
   HALT
Compilation complete.

*********** Esperado:
Starting compilation for Correct_101.cprl...
Checking constraints...
Generating code...
   PROGRAM 10
   LDGADDR 0
   LDCINT 7
   STOREW
   LDGADDR 4
   LDCINT 5
   LDGADDR 0
   LOADW
   MUL
   STOREW
   LDGADDR 8
   LDCCH 'X'
   STORE2B
   LDCSTR "n = "
   PUTSTR
   LDGADDR 4
   LOADW
   PUTINT
   PUTEOL
   LDCSTR "c = "
   PUTSTR
   LDGADDR 8
   LOAD2B
   PUTCH
   PUTEOL
   HALT
Compilation complete.

### TesteCorrect_101 ok! ###

------------------------------------


#### Testando TesteCorrect_102 ####
*********** Resultado:
Starting compilation for Correct_102.cprl...
Checking constraints...
Generating code...
   PROGRAM 60
   LDGADDR 4
   LDCINT 1
   STOREW
   LDGADDR 8
   LDCINT 2
   STOREW
   LDGADDR 12
   LDCINT 1
   STOREW
   LDGADDR 16
   LDCINT 2
   STOREW
   LDGADDR 20
   LDCINT 1
   STOREW
   LDGADDR 24
   LDCINT 2
   STOREW
   LDGADDR 28
   LDCINT 1
   STOREW
   LDGADDR 32
   LDCINT 2
   STOREW
   LDGADDR 36
   LDCINT 1
   STOREW
   LDGADDR 40
   LDCINT 2
   STOREW
   LDGADDR 44
   LDCINT 1
   STOREW
   LDGADDR 48
   LDCINT 2
   STOREW
   LDGADDR 52
   LDCINT 1
   STOREW
   LDGADDR 56
   LDCINT 2
   STOREW
   LDGADDR 0
   LDGADDR 4
   LOADW
   LDGADDR 8
   LOADW
   ADD
   LDGADDR 12
   LOADW
   LDGADDR 16
   LOADW
   ADD
   LDGADDR 20
   LOADW
   LDGADDR 24
   LOADW
   ADD
   LDGADDR 28
   LOADW
   LDGADDR 32
   LOADW
   ADD
   LDGADDR 36
   LOADW
   LDGADDR 40
   LOADW
   ADD
   LDGADDR 44
   LOADW
   LDGADDR 48
   LOADW
   ADD
   LDGADDR 52
   LOADW
   LDGADDR 56
   LOADW
   ADD
   MUL
   MUL
   MUL
   MUL
   MUL
   MUL
   STOREW
   LDCINT 1
   LDCINT 2
   ADD
   PUTINT
   LDCSTR "    "
   PUTSTR
   LDCINT 1
   NEG
   PUTINT
   LDCSTR "    "
   PUTSTR
   LDGADDR 0
   LOADW
   PUTINT
   HALT
Compilation complete.

*********** Esperado:
Starting compilation for Correct_102.cprl...
Checking constraints...
Generating code...
   PROGRAM 60
   LDGADDR 4
   LDCINT 1
   STOREW
   LDGADDR 8
   LDCINT 2
   STOREW
   LDGADDR 12
   LDCINT 1
   STOREW
   LDGADDR 16
   LDCINT 2
   STOREW
   LDGADDR 20
   LDCINT 1
   STOREW
   LDGADDR 24
   LDCINT 2
   STOREW
   LDGADDR 28
   LDCINT 1
   STOREW
   LDGADDR 32
   LDCINT 2
   STOREW
   LDGADDR 36
   LDCINT 1
   STOREW
   LDGADDR 40
   LDCINT 2
   STOREW
   LDGADDR 44
   LDCINT 1
   STOREW
   LDGADDR 48
   LDCINT 2
   STOREW
   LDGADDR 52
   LDCINT 1
   STOREW
   LDGADDR 56
   LDCINT 2
   STOREW
   LDGADDR 0
   LDGADDR 4
   LOADW
   LDGADDR 8
   LOADW
   ADD
   LDGADDR 12
   LOADW
   LDGADDR 16
   LOADW
   ADD
   LDGADDR 20
   LOADW
   LDGADDR 24
   LOADW
   ADD
   LDGADDR 28
   LOADW
   LDGADDR 32
   LOADW
   ADD
   LDGADDR 36
   LOADW
   LDGADDR 40
   LOADW
   ADD
   LDGADDR 44
   LOADW
   LDGADDR 48
   LOADW
   ADD
   LDGADDR 52
   LOADW
   LDGADDR 56
   LOADW
   ADD
   MUL
   MUL
   MUL
   MUL
   MUL
   MUL
   STOREW
   LDCINT 1
   LDCINT 2
   ADD
   PUTINT
   LDCSTR "    "
   PUTSTR
   LDCINT 1
   NEG
   PUTINT
   LDCSTR "    "
   PUTSTR
   LDGADDR 0
   LOADW
   PUTINT
   HALT
Compilation complete.

### TesteCorrect_102 ok! ###

------------------------------------


#### Testando TesteCorrect_103 ####
*********** Resultado:
Starting compilation for Correct_103.cprl...
Checking constraints...
Generating code...
   PROGRAM 12
   LDGADDR 0
   LDCINT 1
   STOREW
   LDGADDR 0
   LOADW
   PUTINT
   LDCSTR "    "
   PUTSTR
   LDGADDR 4
   LDCINT 1
   STOREW
   LDGADDR 8
   LDCINT 2
   STOREW
   LDGADDR 4
   LOADW
   LDCINT 1
   CMP
   BZ L4
   LDCB 1
   BR L5
L4:
   LDGADDR 8
   LOADW
   LDCINT 2
   CMP
   BZ L2
   LDCB 1
   BR L3
L2:
   LDCB 0
L3:
L5:
   BZ L6
   LDCSTR "ERROR"
   PUTSTR
   PUTEOL
   BR L7
L6:
   LDGADDR 8
   LOADW
   PUTINT
   PUTEOL
L7:
   HALT
Compilation complete.

*********** Esperado:
Starting compilation for Correct_103.cprl...
Checking constraints...
Generating code...
   PROGRAM 12
   LDGADDR 0
   LDCINT 1
   STOREW
   LDGADDR 0
   LOADW
   PUTINT
   LDCSTR "    "
   PUTSTR
   LDGADDR 4
   LDCINT 1
   STOREW
   LDGADDR 8
   LDCINT 2
   STOREW
   LDGADDR 4
   LOADW
   LDCINT 1
   CMP
   BZ L4
   LDCB 1
   BR L5
L4:
   LDGADDR 8
   LOADW
   LDCINT 2
   CMP
   BZ L2
   LDCB 1
   BR L3
L2:
   LDCB 0
L3:
L5:
   BZ L6
   LDCSTR "ERROR"
   PUTSTR
   PUTEOL
   BR L7
L6:
   LDGADDR 8
   LOADW
   PUTINT
   PUTEOL
L7:
   HALT
Compilation complete.

### TesteCorrect_103 ok! ###

------------------------------------


#### Testando TesteCorrect_104 ####
*********** Resultado:
Starting compilation for Correct_104.cprl...
Checking constraints...
Generating code...
   PROGRAM 8
   LDGADDR 0
   LDCINT 1
   STOREW
   LDGADDR 4
   LDCINT 3
   STOREW
   LDGADDR 0
   LOADW
   PUTINT
   PUTEOL
   LDCINT 5
   PUTINT
   PUTEOL
   LDGADDR 4
   LOADW
   PUTINT
   PUTEOL
   HALT
Compilation complete.

*********** Esperado:
Starting compilation for Correct_104.cprl...
Checking constraints...
Generating code...
   PROGRAM 8
   LDGADDR 0
   LDCINT 1
   STOREW
   LDGADDR 4
   LDCINT 3
   STOREW
   LDGADDR 0
   LOADW
   PUTINT
   PUTEOL
   LDCINT 5
   PUTINT
   PUTEOL
   LDGADDR 4
   LOADW
   PUTINT
   PUTEOL
   HALT
Compilation complete.

### TesteCorrect_104 ok! ###

------------------------------------


#### Testando TesteCorrect_105 ####
*********** Resultado:
Starting compilation for Correct_105.cprl...
Checking constraints...
Generating code...
   PROGRAM 8
   LDCSTR "Enter value for x: "
   PUTSTR
   LDGADDR 0
   GETINT
   STOREW
   LDCSTR "Enter value for y: "
   PUTSTR
   LDGADDR 4
   GETINT
   STOREW
   LDCSTR "x = "
   PUTSTR
   LDGADDR 0
   LOADW
   PUTINT
   PUTEOL
   LDCSTR "y = "
   PUTSTR
   LDGADDR 4
   LOADW
   PUTINT
   PUTEOL
   LDGADDR 0
   LOADW
   LDGADDR 4
   LOADW
   CMP
   BG L2
   LDCSTR "x <= y"
   PUTSTR
   PUTEOL
   BR L3
L2:
   LDCSTR "x > y"
   PUTSTR
   PUTEOL
L3:
   HALT
Compilation complete.

*********** Esperado:
Starting compilation for Correct_105.cprl...
Checking constraints...
Generating code...
   PROGRAM 8
   LDCSTR "Enter value for x: "
   PUTSTR
   LDGADDR 0
   GETINT
   STOREW
   LDCSTR "Enter value for y: "
   PUTSTR
   LDGADDR 4
   GETINT
   STOREW
   LDCSTR "x = "
   PUTSTR
   LDGADDR 0
   LOADW
   PUTINT
   PUTEOL
   LDCSTR "y = "
   PUTSTR
   LDGADDR 4
   LOADW
   PUTINT
   PUTEOL
   LDGADDR 0
   LOADW
   LDGADDR 4
   LOADW
   CMP
   BG L2
   LDCSTR "x <= y"
   PUTSTR
   PUTEOL
   BR L3
L2:
   LDCSTR "x > y"
   PUTSTR
   PUTEOL
L3:
   HALT
Compilation complete.

### TesteCorrect_105 ok! ###

------------------------------------


#### Testando TesteCorrect_106 ####
*********** Resultado:
Starting compilation for Correct_106.cprl...
Checking constraints...
Generating code...
   PROGRAM 4
   LDGADDR 0
   LDCINT 1
   STOREW
L0:
   LDGADDR 0
   LOADW
   LDCINT 5
   CMP
   BG L1
   LDGADDR 0
   LDGADDR 0
   LOADW
   LDCINT 1
   ADD
   STOREW
   BR L0
L1:
   LDCSTR "x = "
   PUTSTR
   LDGADDR 0
   LOADW
   PUTINT
   PUTEOL
   HALT
Compilation complete.

*********** Esperado:
Starting compilation for Correct_106.cprl...
Checking constraints...
Generating code...
   PROGRAM 4
   LDGADDR 0
   LDCINT 1
   STOREW
L0:
   LDGADDR 0
   LOADW
   LDCINT 5
   CMP
   BG L1
   LDGADDR 0
   LDGADDR 0
   LOADW
   LDCINT 1
   ADD
   STOREW
   BR L0
L1:
   LDCSTR "x = "
   PUTSTR
   LDGADDR 0
   LOADW
   PUTINT
   PUTEOL
   HALT
Compilation complete.

### TesteCorrect_106 ok! ###

------------------------------------


#### Testando TesteCorrect_107 ####
*********** Resultado:
Starting compilation for Correct_107.cprl...
Checking constraints...
Generating code...
   PROGRAM 13
   LDCSTR "Enter x:  "
   PUTSTR
   LDGADDR 0
   GETINT
   STOREW
   LDGADDR 8
   LDGADDR 0
   LOADW
   LDCINT 2
   MOD
   STOREW
   LDGADDR 12
   LDGADDR 0
   LOADW
   LDCINT 7
   CMP
   BLE L0
   LDCB 1
   BR L1
L0:
   LDCB 0
L1:
   STOREB
   LDGADDR 0
   LOADW
   LDCINT 0
   CMP
   BGE L11
   LDGADDR 4
   LDCINT 1
   NEG
   STOREW
L4:
   LDGADDR 0
   LDGADDR 0
   LOADW
   LDCINT 7
   LDCINT 3
   DIV
   ADD
   STOREW
   LDGADDR 0
   LOADW
   LDCINT 0
   CMP
   BG L5
   BR L4
L5:
   BR L12
L11:
   LDGADDR 0
   LOADW
   LDCINT 0
   CMP
   BNZ L10
   LDGADDR 4
   LDCINT 0
   STOREW
   BR L12
L10:
   LDGADDR 4
   LDCINT 1
   STOREW
L12:
   LDGADDR 12
   LOADB
   BNZ L13
   LDCB 0
   BR L14
L13:
   LDCB 0
   NOT
L14:
   BZ L15
   LDCSTR "TRUE   "
   PUTSTR
   BR L16
L15:
   LDCSTR "FALSE   "
   PUTSTR
L16:
   LDGADDR 0
   LOADW
   PUTINT
   LDCSTR "   "
   PUTSTR
   LDGADDR 4
   LOADW
   PUTINT
   LDCSTR "   "
   PUTSTR
   LDGADDR 8
   LOADW
   PUTINT
   PUTEOL
   HALT
Compilation complete.

*********** Esperado:
Starting compilation for Correct_107.cprl...
Checking constraints...
Generating code...
   PROGRAM 13
   LDCSTR "Enter x:  "
   PUTSTR
   LDGADDR 0
   GETINT
   STOREW
   LDGADDR 8
   LDGADDR 0
   LOADW
   LDCINT 2
   MOD
   STOREW
   LDGADDR 12
   LDGADDR 0
   LOADW
   LDCINT 7
   CMP
   BLE L0
   LDCB 1
   BR L1
L0:
   LDCB 0
L1:
   STOREB
   LDGADDR 0
   LOADW
   LDCINT 0
   CMP
   BGE L11
   LDGADDR 4
   LDCINT 1
   NEG
   STOREW
L4:
   LDGADDR 0
   LDGADDR 0
   LOADW
   LDCINT 7
   LDCINT 3
   DIV
   ADD
   STOREW
   LDGADDR 0
   LOADW
   LDCINT 0
   CMP
   BG L5
   BR L4
L5:
   BR L12
L11:
   LDGADDR 0
   LOADW
   LDCINT 0
   CMP
   BNZ L10
   LDGADDR 4
   LDCINT 0
   STOREW
   BR L12
L10:
   LDGADDR 4
   LDCINT 1
   STOREW
L12:
   LDGADDR 12
   LOADB
   BNZ L13
   LDCB 0
   BR L14
L13:
   LDCB 0
   NOT
L14:
   BZ L15
   LDCSTR "TRUE   "
   PUTSTR
   BR L16
L15:
   LDCSTR "FALSE   "
   PUTSTR
L16:
   LDGADDR 0
   LOADW
   PUTINT
   LDCSTR "   "
   PUTSTR
   LDGADDR 4
   LOADW
   PUTINT
   LDCSTR "   "
   PUTSTR
   LDGADDR 8
   LOADW
   PUTINT
   PUTEOL
   HALT
Compilation complete.

### TesteCorrect_107 ok! ###

------------------------------------


#### Testando TesteCorrect_108 ####
*********** Resultado:
Starting compilation for Correct_108.cprl...
Checking constraints...
Generating code...
   PROGRAM 10
   LDCSTR "Enter value for n1:  "
   PUTSTR
   LDGADDR 2
   GETINT
   STOREW
   LDCSTR "Enter value for n2:  "
   PUTSTR
   LDGADDR 6
   GETINT
   STOREW
   LDCSTR "n1 = "
   PUTSTR
   LDGADDR 2
   LOADW
   PUTINT
   LDCSTR ";  n2 = "
   PUTSTR
   LDGADDR 6
   LOADW
   PUTINT
   PUTEOL
   LDGADDR 0
   LDGADDR 2
   LOADW
   LDCINT 0
   CMP
   BZ L0
   LDCB 1
   BR L1
L0:
   LDCB 0
L1:
   STOREB
   LDGADDR 1
   LDGADDR 6
   LOADW
   LDCINT 0
   CMP
   BZ L2
   LDCB 1
   BR L3
L2:
   LDCB 0
L3:
   STOREB
   LDCSTR "b1 and b2 = "
   PUTSTR
   LDGADDR 0
   LOADB
   BNZ L4
   LDCB 0
   BR L5
L4:
   LDGADDR 1
   LOADB
L5:
   BZ L6
   LDCSTR "true"
   PUTSTR
   PUTEOL
   BR L7
L6:
   LDCSTR "false"
   PUTSTR
   PUTEOL
L7:
   LDCSTR "b1 or  b2 = "
   PUTSTR
   LDGADDR 0
   LOADB
   BZ L8
   LDCB 1
   BR L9
L8:
   LDGADDR 1
   LOADB
L9:
   BZ L10
   LDCSTR "true"
   PUTSTR
   PUTEOL
   BR L11
L10:
   LDCSTR "false"
   PUTSTR
   PUTEOL
L11:
   HALT
Compilation complete.

*********** Esperado:
Starting compilation for Correct_108.cprl...
Checking constraints...
Generating code...
   PROGRAM 10
   LDCSTR "Enter value for n1:  "
   PUTSTR
   LDGADDR 2
   GETINT
   STOREW
   LDCSTR "Enter value for n2:  "
   PUTSTR
   LDGADDR 6
   GETINT
   STOREW
   LDCSTR "n1 = "
   PUTSTR
   LDGADDR 2
   LOADW
   PUTINT
   LDCSTR ";  n2 = "
   PUTSTR
   LDGADDR 6
   LOADW
   PUTINT
   PUTEOL
   LDGADDR 0
   LDGADDR 2
   LOADW
   LDCINT 0
   CMP
   BZ L0
   LDCB 1
   BR L1
L0:
   LDCB 0
L1:
   STOREB
   LDGADDR 1
   LDGADDR 6
   LOADW
   LDCINT 0
   CMP
   BZ L2
   LDCB 1
   BR L3
L2:
   LDCB 0
L3:
   STOREB
   LDCSTR "b1 and b2 = "
   PUTSTR
   LDGADDR 0
   LOADB
   BNZ L4
   LDCB 0
   BR L5
L4:
   LDGADDR 1
   LOADB
L5:
   BZ L6
   LDCSTR "true"
   PUTSTR
   PUTEOL
   BR L7
L6:
   LDCSTR "false"
   PUTSTR
   PUTEOL
L7:
   LDCSTR "b1 or  b2 = "
   PUTSTR
   LDGADDR 0
   LOADB
   BZ L8
   LDCB 1
   BR L9
L8:
   LDGADDR 1
   LOADB
L9:
   BZ L10
   LDCSTR "true"
   PUTSTR
   PUTEOL
   BR L11
L10:
   LDCSTR "false"
   PUTSTR
   PUTEOL
L11:
   HALT
Compilation complete.

### TesteCorrect_108 ok! ###

------------------------------------


#### Testando TesteCorrect_109 ####
*********** Resultado:
Starting compilation for Correct_109.cprl...
Checking constraints...
Generating code...
   PROGRAM 4
   LDGADDR 0
   LDCINT 1
   STOREW
L0:
   LDGADDR 0
   LDGADDR 0
   LOADW
   LDCINT 1
   ADD
   STOREW
   LDGADDR 0
   LOADW
   LDCINT 6
   CMP
   BNZ L4
   BR L1
L4:
L5:
   BR L0
L1:
   LDCSTR "x = "
   PUTSTR
   LDGADDR 0
   LOADW
   PUTINT
   PUTEOL
   HALT
Compilation complete.

*********** Esperado:
Starting compilation for Correct_109.cprl...
Checking constraints...
Generating code...
   PROGRAM 4
   LDGADDR 0
   LDCINT 1
   STOREW
L0:
   LDGADDR 0
   LDGADDR 0
   LOADW
   LDCINT 1
   ADD
   STOREW
   LDGADDR 0
   LOADW
   LDCINT 6
   CMP
   BNZ L4
   BR L1
L4:
L5:
   BR L0
L1:
   LDCSTR "x = "
   PUTSTR
   LDGADDR 0
   LOADW
   PUTINT
   PUTEOL
   HALT
Compilation complete.

### TesteCorrect_109 ok! ###

------------------------------------


#### Testando TesteCorrect_110 ####
*********** Resultado:
Starting compilation for Correct_110.cprl...
Checking constraints...
Generating code...
   PROGRAM 4
L0:
   LDCSTR "Enter an integer (0 to exit): "
   PUTSTR
   LDGADDR 0
   GETINT
   STOREW
   LDGADDR 0
   LOADW
   LDCINT 0
   CMP
   BGE L7
   LDGADDR 0
   LOADW
   PUTINT
   LDCSTR " is negative"
   PUTSTR
   PUTEOL
   BR L8
L7:
   LDGADDR 0
   LOADW
   LDCINT 0
   CMP
   BNZ L6
   LDGADDR 0
   LOADW
   PUTINT
   LDCSTR " is zero"
   PUTSTR
   PUTEOL
   BR L8
L6:
   LDGADDR 0
   LOADW
   PUTINT
   LDCSTR " is positive"
   PUTSTR
   PUTEOL
L8:
   LDGADDR 0
   LOADW
   LDCINT 0
   CMP
   BZ L1
   BR L0
L1:
   HALT
Compilation complete.

*********** Esperado:
Starting compilation for Correct_110.cprl...
Checking constraints...
Generating code...
   PROGRAM 4
L0:
   LDCSTR "Enter an integer (0 to exit): "
   PUTSTR
   LDGADDR 0
   GETINT
   STOREW
   LDGADDR 0
   LOADW
   LDCINT 0
   CMP
   BGE L7
   LDGADDR 0
   LOADW
   PUTINT
   LDCSTR " is negative"
   PUTSTR
   PUTEOL
   BR L8
L7:
   LDGADDR 0
   LOADW
   LDCINT 0
   CMP
   BNZ L6
   LDGADDR 0
   LOADW
   PUTINT
   LDCSTR " is zero"
   PUTSTR
   PUTEOL
   BR L8
L6:
   LDGADDR 0
   LOADW
   PUTINT
   LDCSTR " is positive"
   PUTSTR
   PUTEOL
L8:
   LDGADDR 0
   LOADW
   LDCINT 0
   CMP
   BZ L1
   BR L0
L1:
   HALT
Compilation complete.

### TesteCorrect_110 ok! ###

------------------------------------


#### Testando TesteCorrect_111 ####
*********** Resultado:
Starting compilation for Correct_111.cprl...
Checking constraints...
Generating code...
   PROGRAM 8
   LDGADDR 0
   LDCINT 5
   STOREW
   LDGADDR 4
   LDCINT 2
   STOREW
   LDCSTR "      x = "
   PUTSTR
   LDGADDR 0
   LOADW
   PUTINT
   PUTEOL
   LDCSTR "      y = "
   PUTSTR
   LDGADDR 4
   LOADW
   PUTINT
   PUTEOL
   LDCSTR "  x + y = "
   PUTSTR
   LDGADDR 0
   LOADW
   LDGADDR 4
   LOADW
   ADD
   PUTINT
   PUTEOL
   LDCSTR "  x - y = "
   PUTSTR
   LDGADDR 0
   LOADW
   LDGADDR 4
   LOADW
   SUB
   PUTINT
   PUTEOL
   LDCSTR "    x*y = "
   PUTSTR
   LDGADDR 0
   LOADW
   LDGADDR 4
   LOADW
   MUL
   PUTINT
   PUTEOL
   LDCSTR "    x/y = "
   PUTSTR
   LDGADDR 0
   LOADW
   LDGADDR 4
   LOADW
   DIV
   PUTINT
   PUTEOL
   LDCSTR "x mod y = "
   PUTSTR
   LDGADDR 0
   LOADW
   LDGADDR 4
   LOADW
   MOD
   PUTINT
   PUTEOL
   HALT
Compilation complete.

*********** Esperado:
Starting compilation for Correct_111.cprl...
Checking constraints...
Generating code...
   PROGRAM 8
   LDGADDR 0
   LDCINT 5
   STOREW
   LDGADDR 4
   LDCINT 2
   STOREW
   LDCSTR "      x = "
   PUTSTR
   LDGADDR 0
   LOADW
   PUTINT
   PUTEOL
   LDCSTR "      y = "
   PUTSTR
   LDGADDR 4
   LOADW
   PUTINT
   PUTEOL
   LDCSTR "  x + y = "
   PUTSTR
   LDGADDR 0
   LOADW
   LDGADDR 4
   LOADW
   ADD
   PUTINT
   PUTEOL
   LDCSTR "  x - y = "
   PUTSTR
   LDGADDR 0
   LOADW
   LDGADDR 4
   LOADW
   SUB
   PUTINT
   PUTEOL
   LDCSTR "    x*y = "
   PUTSTR
   LDGADDR 0
   LOADW
   LDGADDR 4
   LOADW
   MUL
   PUTINT
   PUTEOL
   LDCSTR "    x/y = "
   PUTSTR
   LDGADDR 0
   LOADW
   LDGADDR 4
   LOADW
   DIV
   PUTINT
   PUTEOL
   LDCSTR "x mod y = "
   PUTSTR
   LDGADDR 0
   LOADW
   LDGADDR 4
   LOADW
   MOD
   PUTINT
   PUTEOL
   HALT
Compilation complete.

### TesteCorrect_111 ok! ###

------------------------------------


#### Testando TesteCorrect_112 ####
*********** Resultado:
Starting compilation for Correct_112.cprl...
Checking constraints...
Generating code...
   PROGRAM 8
   LDCB 1
   NOT
   PUTBYTE
   PUTEOL
   LDCB 0
   NOT
   PUTBYTE
   PUTEOL
   LDGADDR 0
   LDCINT 5
   STOREW
   LDGADDR 4
   LDCINT 2
   LDGADDR 0
   LOADW
   MUL
   LDCINT 1
   SUB
   STOREW
L0:
   LDGADDR 0
   LOADW
   LDCINT 2
   LDCINT 5
   MUL
   CMP
   BG L1
   LDGADDR 0
   LDGADDR 0
   LOADW
   LDCINT 1
   ADD
   STOREW
   LDGADDR 0
   LOADW
   LDCINT 2
   MOD
   LDCINT 0
   CMP
   BNZ L9
   LDCSTR "even"
   PUTSTR
   PUTEOL
   BR L10
L9:
   LDGADDR 0
   LOADW
   LDCINT 2
   MOD
   LDCINT 1
   CMP
   BNZ L8
   LDCSTR "odd"
   PUTSTR
   PUTEOL
   BR L10
L8:
   LDCSTR "weird"
   PUTSTR
   PUTEOL
L10:
   LDGADDR 0
   LOADW
   LDCINT 9
   CMP
   BZ L1
   BR L0
L1:
   HALT
Compilation complete.

*********** Esperado:
Starting compilation for Correct_112.cprl...
Checking constraints...
Generating code...
   PROGRAM 8
   LDCB 1
   NOT
   PUTBYTE
   PUTEOL
   LDCB 0
   NOT
   PUTBYTE
   PUTEOL
   LDGADDR 0
   LDCINT 5
   STOREW
   LDGADDR 4
   LDCINT 2
   LDGADDR 0
   LOADW
   MUL
   LDCINT 1
   SUB
   STOREW
L0:
   LDGADDR 0
   LOADW
   LDCINT 2
   LDCINT 5
   MUL
   CMP
   BG L1
   LDGADDR 0
   LDGADDR 0
   LOADW
   LDCINT 1
   ADD
   STOREW
   LDGADDR 0
   LOADW
   LDCINT 2
   MOD
   LDCINT 0
   CMP
   BNZ L9
   LDCSTR "even"
   PUTSTR
   PUTEOL
   BR L10
L9:
   LDGADDR 0
   LOADW
   LDCINT 2
   MOD
   LDCINT 1
   CMP
   BNZ L8
   LDCSTR "odd"
   PUTSTR
   PUTEOL
   BR L10
L8:
   LDCSTR "weird"
   PUTSTR
   PUTEOL
L10:
   LDGADDR 0
   LOADW
   LDCINT 9
   CMP
   BZ L1
   BR L0
L1:
   HALT
Compilation complete.

### TesteCorrect_112 ok! ###

------------------------------------


#### Testando TesteCorrect_113 ####
*********** Resultado:
Starting compilation for Correct_113.cprl...
Checking constraints...
Generating code...
   PROGRAM 14
   LDGADDR 0
   LDCINT 5
   NEG
   STOREW
   LDGADDR 4
   LDCINT 2
   STOREW
   LDGADDR 8
   LDCINT 7
   STOREW
   LDGADDR 12
   LDCB 0
   STOREB
   LDGADDR 13
   LDCB 1
   STOREB
   LDGADDR 0
   LOADW
   LDGADDR 4
   LOADW
   CMP
   BL L4
   LDCB 0
   BR L5
L4:
   LDGADDR 4
   LOADW
   LDGADDR 8
   LOADW
   CMP
   BGE L2
   LDCB 1
   BR L3
L2:
   LDCB 0
L3:
L5:
   BZ L6
   LDCSTR "valid"
   PUTSTR
   PUTEOL
   BR L7
L6:
   LDCSTR "not valid"
   PUTSTR
   PUTEOL
L7:
   LDGADDR 0
   LOADW
   LDGADDR 4
   LOADW
   CMP
   BL L12
   LDCB 0
   BR L13
L12:
   LDGADDR 0
   LOADW
   LDGADDR 8
   LOADW
   CMP
   BL L10
   LDCB 1
   BR L11
L10:
   LDCB 0
L11:
L13:
   BZ L14
   LDCSTR "not valid"
   PUTSTR
   PUTEOL
   BR L15
L14:
   LDCSTR "valid"
   PUTSTR
   PUTEOL
L15:
   LDGADDR 4
   LOADW
   LDGADDR 0
   LOADW
   CMP
   BLE L20
   LDCB 0
   BR L21
L20:
   LDGADDR 4
   LOADW
   LDGADDR 8
   LOADW
   CMP
   BGE L18
   LDCB 1
   BR L19
L18:
   LDCB 0
L19:
L21:
   BZ L22
   LDCSTR "not valid"
   PUTSTR
   PUTEOL
   BR L23
L22:
   LDCSTR "valid"
   PUTSTR
   PUTEOL
L23:
   LDGADDR 4
   LOADW
   LDGADDR 0
   LOADW
   CMP
   BL L28
   LDCB 0
   BR L29
L28:
   LDGADDR 8
   LOADW
   LDGADDR 0
   LOADW
   NEG
   CMP
   BG L26
   LDCB 1
   BR L27
L26:
   LDCB 0
L27:
L29:
   BZ L30
   LDCSTR "not valid"
   PUTSTR
   PUTEOL
   BR L31
L30:
   LDCSTR "valid"
   PUTSTR
   PUTEOL
L31:
   LDGADDR 0
   LOADW
   LDGADDR 4
   LOADW
   CMP
   BGE L36
   LDCB 1
   BR L37
L36:
   LDGADDR 4
   LOADW
   LDGADDR 8
   LOADW
   CMP
   BGE L34
   LDCB 1
   BR L35
L34:
   LDCB 0
L35:
L37:
   BZ L38
   LDCSTR "valid"
   PUTSTR
   PUTEOL
   BR L39
L38:
   LDCSTR "not valid"
   PUTSTR
   PUTEOL
L39:
   LDGADDR 0
   LOADW
   LDGADDR 4
   LOADW
   CMP
   BGE L44
   LDCB 1
   BR L45
L44:
   LDGADDR 4
   LOADW
   NEG
   LDGADDR 8
   LOADW
   CMP
   BLE L42
   LDCB 1
   BR L43
L42:
   LDCB 0
L43:
L45:
   BZ L46
   LDCSTR "valid"
   PUTSTR
   PUTEOL
   BR L47
L46:
   LDCSTR "not valid"
   PUTSTR
   PUTEOL
L47:
   LDGADDR 4
   LOADW
   LDGADDR 0
   LOADW
   CMP
   BG L52
   LDCB 1
   BR L53
L52:
   LDGADDR 4
   LOADW
   LDGADDR 8
   LOADW
   CMP
   BGE L50
   LDCB 1
   BR L51
L50:
   LDCB 0
L51:
L53:
   BZ L54
   LDCSTR "valid"
   PUTSTR
   PUTEOL
   BR L55
L54:
   LDCSTR "not valid"
   PUTSTR
   PUTEOL
L55:
   LDGADDR 0
   LOADW
   NEG
   LDGADDR 4
   LOADW
   CMP
   BGE L60
   LDCB 1
   BR L61
L60:
   LDGADDR 8
   LOADW
   LDGADDR 4
   LOADW
   CMP
   BG L58
   LDCB 1
   BR L59
L58:
   LDCB 0
L59:
L61:
   BZ L62
   LDCSTR "not valid"
   PUTSTR
   PUTEOL
   BR L63
L62:
   LDCSTR "valid"
   PUTSTR
   PUTEOL
L63:
   LDGADDR 8
   LDCINT 0
   STOREW
   LDGADDR 12
   LOADB
   BNZ L66
   LDCB 0
   BR L67
L66:
   LDGADDR 4
   LOADW
   LDGADDR 8
   LOADW
   DIV
   LDCINT 2
   CMP
   BL L64
   LDCB 1
   BR L65
L64:
   LDCB 0
L65:
L67:
   BZ L68
   LDCSTR "not valid"
   PUTSTR
   PUTEOL
   BR L69
L68:
   LDCSTR "valid"
   PUTSTR
   PUTEOL
L69:
   LDGADDR 13
   LOADB
   BZ L72
   LDCB 1
   BR L73
L72:
   LDGADDR 4
   LOADW
   LDGADDR 8
   LOADW
   DIV
   LDCINT 0
   CMP
   BGE L70
   LDCB 1
   BR L71
L70:
   LDCB 0
L71:
L73:
   BZ L74
   LDCSTR "valid"
   PUTSTR
   PUTEOL
   BR L75
L74:
   LDCSTR "not valid"
   PUTSTR
   PUTEOL
L75:
   HALT
Compilation complete.

*********** Esperado:
Starting compilation for Correct_113.cprl...
Checking constraints...
Generating code...
   PROGRAM 14
   LDGADDR 0
   LDCINT 5
   NEG
   STOREW
   LDGADDR 4
   LDCINT 2
   STOREW
   LDGADDR 8
   LDCINT 7
   STOREW
   LDGADDR 12
   LDCB 0
   STOREB
   LDGADDR 13
   LDCB 1
   STOREB
   LDGADDR 0
   LOADW
   LDGADDR 4
   LOADW
   CMP
   BL L4
   LDCB 0
   BR L5
L4:
   LDGADDR 4
   LOADW
   LDGADDR 8
   LOADW
   CMP
   BGE L2
   LDCB 1
   BR L3
L2:
   LDCB 0
L3:
L5:
   BZ L6
   LDCSTR "valid"
   PUTSTR
   PUTEOL
   BR L7
L6:
   LDCSTR "not valid"
   PUTSTR
   PUTEOL
L7:
   LDGADDR 0
   LOADW
   LDGADDR 4
   LOADW
   CMP
   BL L12
   LDCB 0
   BR L13
L12:
   LDGADDR 0
   LOADW
   LDGADDR 8
   LOADW
   CMP
   BL L10
   LDCB 1
   BR L11
L10:
   LDCB 0
L11:
L13:
   BZ L14
   LDCSTR "not valid"
   PUTSTR
   PUTEOL
   BR L15
L14:
   LDCSTR "valid"
   PUTSTR
   PUTEOL
L15:
   LDGADDR 4
   LOADW
   LDGADDR 0
   LOADW
   CMP
   BLE L20
   LDCB 0
   BR L21
L20:
   LDGADDR 4
   LOADW
   LDGADDR 8
   LOADW
   CMP
   BGE L18
   LDCB 1
   BR L19
L18:
   LDCB 0
L19:
L21:
   BZ L22
   LDCSTR "not valid"
   PUTSTR
   PUTEOL
   BR L23
L22:
   LDCSTR "valid"
   PUTSTR
   PUTEOL
L23:
   LDGADDR 4
   LOADW
   LDGADDR 0
   LOADW
   CMP
   BL L28
   LDCB 0
   BR L29
L28:
   LDGADDR 8
   LOADW
   LDGADDR 0
   LOADW
   NEG
   CMP
   BG L26
   LDCB 1
   BR L27
L26:
   LDCB 0
L27:
L29:
   BZ L30
   LDCSTR "not valid"
   PUTSTR
   PUTEOL
   BR L31
L30:
   LDCSTR "valid"
   PUTSTR
   PUTEOL
L31:
   LDGADDR 0
   LOADW
   LDGADDR 4
   LOADW
   CMP
   BGE L36
   LDCB 1
   BR L37
L36:
   LDGADDR 4
   LOADW
   LDGADDR 8
   LOADW
   CMP
   BGE L34
   LDCB 1
   BR L35
L34:
   LDCB 0
L35:
L37:
   BZ L38
   LDCSTR "valid"
   PUTSTR
   PUTEOL
   BR L39
L38:
   LDCSTR "not valid"
   PUTSTR
   PUTEOL
L39:
   LDGADDR 0
   LOADW
   LDGADDR 4
   LOADW
   CMP
   BGE L44
   LDCB 1
   BR L45
L44:
   LDGADDR 4
   LOADW
   NEG
   LDGADDR 8
   LOADW
   CMP
   BLE L42
   LDCB 1
   BR L43
L42:
   LDCB 0
L43:
L45:
   BZ L46
   LDCSTR "valid"
   PUTSTR
   PUTEOL
   BR L47
L46:
   LDCSTR "not valid"
   PUTSTR
   PUTEOL
L47:
   LDGADDR 4
   LOADW
   LDGADDR 0
   LOADW
   CMP
   BG L52
   LDCB 1
   BR L53
L52:
   LDGADDR 4
   LOADW
   LDGADDR 8
   LOADW
   CMP
   BGE L50
   LDCB 1
   BR L51
L50:
   LDCB 0
L51:
L53:
   BZ L54
   LDCSTR "valid"
   PUTSTR
   PUTEOL
   BR L55
L54:
   LDCSTR "not valid"
   PUTSTR
   PUTEOL
L55:
   LDGADDR 0
   LOADW
   NEG
   LDGADDR 4
   LOADW
   CMP
   BGE L60
   LDCB 1
   BR L61
L60:
   LDGADDR 8
   LOADW
   LDGADDR 4
   LOADW
   CMP
   BG L58
   LDCB 1
   BR L59
L58:
   LDCB 0
L59:
L61:
   BZ L62
   LDCSTR "not valid"
   PUTSTR
   PUTEOL
   BR L63
L62:
   LDCSTR "valid"
   PUTSTR
   PUTEOL
L63:
   LDGADDR 8
   LDCINT 0
   STOREW
   LDGADDR 12
   LOADB
   BNZ L66
   LDCB 0
   BR L67
L66:
   LDGADDR 4
   LOADW
   LDGADDR 8
   LOADW
   DIV
   LDCINT 2
   CMP
   BL L64
   LDCB 1
   BR L65
L64:
   LDCB 0
L65:
L67:
   BZ L68
   LDCSTR "not valid"
   PUTSTR
   PUTEOL
   BR L69
L68:
   LDCSTR "valid"
   PUTSTR
   PUTEOL
L69:
   LDGADDR 13
   LOADB
   BZ L72
   LDCB 1
   BR L73
L72:
   LDGADDR 4
   LOADW
   LDGADDR 8
   LOADW
   DIV
   LDCINT 0
   CMP
   BGE L70
   LDCB 1
   BR L71
L70:
   LDCB 0
L71:
L73:
   BZ L74
   LDCSTR "valid"
   PUTSTR
   PUTEOL
   BR L75
L74:
   LDCSTR "not valid"
   PUTSTR
   PUTEOL
L75:
   HALT
Compilation complete.

### TesteCorrect_113 ok! ###

------------------------------------


#### Testando TesteCorrect_114 ####
*********** Resultado:
Starting compilation for Correct_114.cprl...
Checking constraints...
Generating code...
   PROGRAM 8
   LDCSTR "Enter value for i: "
   PUTSTR
   LDGADDR 0
   GETINT
   STOREW
   LDCSTR "Enter value for j: "
   PUTSTR
   LDGADDR 4
   GETINT
   STOREW
L0:
   LDGADDR 0
   LOADW
   LDCINT 10
   CMP
   BG L1
L4:
   LDGADDR 4
   LOADW
   LDCINT 10
   CMP
   BG L5
   LDGADDR 0
   LDGADDR 0
   LOADW
   LDCINT 1
   ADD
   STOREW
   LDGADDR 4
   LDGADDR 4
   LOADW
   LDCINT 2
   ADD
   STOREW
   BR L4
L5:
   LDGADDR 0
   LDGADDR 0
   LOADW
   LDCINT 3
   ADD
   STOREW
   BR L0
L1:
   LDCSTR "i = "
   PUTSTR
   LDGADDR 0
   LOADW
   PUTINT
   LDCSTR ", j = "
   PUTSTR
   LDGADDR 4
   LOADW
   PUTINT
   PUTEOL
   HALT
Compilation complete.

*********** Esperado:
Starting compilation for Correct_114.cprl...
Checking constraints...
Generating code...
   PROGRAM 8
   LDCSTR "Enter value for i: "
   PUTSTR
   LDGADDR 0
   GETINT
   STOREW
   LDCSTR "Enter value for j: "
   PUTSTR
   LDGADDR 4
   GETINT
   STOREW
L0:
   LDGADDR 0
   LOADW
   LDCINT 10
   CMP
   BG L1
L4:
   LDGADDR 4
   LOADW
   LDCINT 10
   CMP
   BG L5
   LDGADDR 0
   LDGADDR 0
   LOADW
   LDCINT 1
   ADD
   STOREW
   LDGADDR 4
   LDGADDR 4
   LOADW
   LDCINT 2
   ADD
   STOREW
   BR L4
L5:
   LDGADDR 0
   LDGADDR 0
   LOADW
   LDCINT 3
   ADD
   STOREW
   BR L0
L1:
   LDCSTR "i = "
   PUTSTR
   LDGADDR 0
   LOADW
   PUTINT
   LDCSTR ", j = "
   PUTSTR
   LDGADDR 4
   LOADW
   PUTINT
   PUTEOL
   HALT
Compilation complete.

### TesteCorrect_114 ok! ###

------------------------------------


#### Testando TesteCorrect_115 ####
*********** Resultado:
Starting compilation for Correct_115.cprl...
Checking constraints...
Generating code...
   PROGRAM 8
   LDCSTR "Enter value for x: "
   PUTSTR
   LDGADDR 0
   GETINT
   STOREW
   LDCSTR "Enter value for y: "
   PUTSTR
   LDGADDR 4
   GETINT
   STOREW
   LDCSTR "x + y = "
   PUTSTR
   LDGADDR 0
   LOADW
   LDGADDR 4
   LOADW
   ADD
   PUTINT
   PUTEOL
   HALT
Compilation complete.

*********** Esperado:
Starting compilation for Correct_115.cprl...
Checking constraints...
Generating code...
   PROGRAM 8
   LDCSTR "Enter value for x: "
   PUTSTR
   LDGADDR 0
   GETINT
   STOREW
   LDCSTR "Enter value for y: "
   PUTSTR
   LDGADDR 4
   GETINT
   STOREW
   LDCSTR "x + y = "
   PUTSTR
   LDGADDR 0
   LOADW
   LDGADDR 4
   LOADW
   ADD
   PUTINT
   PUTEOL
   HALT
Compilation complete.

### TesteCorrect_115 ok! ###

------------------------------------


#### Testando TesteCorrect_116 ####
*********** Resultado:
Starting compilation for Correct_116.cprl...
Checking constraints...
Generating code...
   PROGRAM 4
   LDGADDR 0
   LDCINT 1
   STOREW
L0:
   LDGADDR 0
   LDGADDR 0
   LOADW
   LDCINT 1
   ADD
   STOREW
   LDGADDR 0
   LOADW
   LDCINT 6
   CMP
   BZ L1
   BR L0
L1:
   LDCSTR "x = "
   PUTSTR
   LDGADDR 0
   LOADW
   PUTINT
   PUTEOL
   HALT
Compilation complete.

*********** Esperado:
Starting compilation for Correct_116.cprl...
Checking constraints...
Generating code...
   PROGRAM 4
   LDGADDR 0
   LDCINT 1
   STOREW
L0:
   LDGADDR 0
   LDGADDR 0
   LOADW
   LDCINT 1
   ADD
   STOREW
   LDGADDR 0
   LOADW
   LDCINT 6
   CMP
   BZ L1
   BR L0
L1:
   LDCSTR "x = "
   PUTSTR
   LDGADDR 0
   LOADW
   PUTINT
   PUTEOL
   HALT
Compilation complete.

### TesteCorrect_116 ok! ###

------------------------------------


#### Testando TesteCorrect_117 ####
*********** Resultado:
Starting compilation for Correct_117.cprl...
Checking constraints...
Generating code...
   PROGRAM 4
   LDCSTR "Enter value for x: "
   PUTSTR
   LDGADDR 0
   GETINT
   STOREW
   LDGADDR 0
   LOADW
   LDCINT 5
   CMP
   BG L0
   LDCB 1
   BR L1
L0:
   LDCB 0
L1:
   PUTBYTE
   HALT
Compilation complete.

*********** Esperado:
Starting compilation for Correct_117.cprl...
Checking constraints...
Generating code...
   PROGRAM 4
   LDCSTR "Enter value for x: "
   PUTSTR
   LDGADDR 0
   GETINT
   STOREW
   LDGADDR 0
   LOADW
   LDCINT 5
   CMP
   BG L0
   LDCB 1
   BR L1
L0:
   LDCB 0
L1:
   PUTBYTE
   HALT
Compilation complete.

### TesteCorrect_117 ok! ###

------------------------------------


#### Testando TesteCorrect_118 ####
*********** Resultado:
Starting compilation for Correct_118.cprl...
Checking constraints...
Generating code...
   LDCSTR "string with \\n: \nremaining text."
   PUTSTR
   PUTEOL
   LDCSTR "string with \\t: \tremaining text."
   PUTSTR
   PUTEOL
   HALT
Compilation complete.

*********** Esperado:
Starting compilation for Correct_118.cprl...
Checking constraints...
Generating code...
   LDCSTR "string with \\n: \nremaining text."
   PUTSTR
   PUTEOL
   LDCSTR "string with \\t: \tremaining text."
   PUTSTR
   PUTEOL
   HALT
Compilation complete.

### TesteCorrect_118 ok! ###

------------------------------------


#### Testando TesteCorrect_119 ####
*********** Resultado:
Starting compilation for Correct_119.cprl...
Checking constraints...
Generating code...
   LDCSTR "character with \\n: "
   PUTSTR
   LDCCH '\n'
   PUTCH
   LDCSTR "remaining text."
   PUTSTR
   PUTEOL
   LDCSTR "character with \\t: "
   PUTSTR
   LDCCH '\t'
   PUTCH
   LDCSTR "remaining text."
   PUTSTR
   PUTEOL
   HALT
Compilation complete.

*********** Esperado:
Starting compilation for Correct_119.cprl...
Checking constraints...
Generating code...
   LDCSTR "character with \\n: "
   PUTSTR
   LDCCH '\n'
   PUTCH
   LDCSTR "remaining text."
   PUTSTR
   PUTEOL
   LDCSTR "character with \\t: "
   PUTSTR
   LDCCH '\t'
   PUTCH
   LDCSTR "remaining text."
   PUTSTR
   PUTEOL
   HALT
Compilation complete.

### TesteCorrect_119 ok! ###

------------------------------------


#### Testando TesteCorrect_120 ####
*********** Resultado:
Starting compilation for Correct_120.cprl...
Checking constraints...
Generating code...
   PROGRAM 5
   LDGADDR 0
   LDCINT 5
   STOREW
   LDGADDR 4
   LDGADDR 0
   LOADW
   LDCINT 10
   CMP
   BG L0
   LDCB 1
   BR L1
L0:
   LDCB 0
L1:
   NOT
   STOREB
   LDGADDR 4
   LOADB
   BZ L2
   LDCSTR "not (x <= 10)"
   PUTSTR
   PUTEOL
   BR L3
L2:
   LDCSTR "x <= 10"
   PUTSTR
   PUTEOL
L3:
   HALT
Compilation complete.

*********** Esperado:
Starting compilation for Correct_120.cprl...
Checking constraints...
Generating code...
   PROGRAM 5
   LDGADDR 0
   LDCINT 5
   STOREW
   LDGADDR 4
   LDGADDR 0
   LOADW
   LDCINT 10
   CMP
   BG L0
   LDCB 1
   BR L1
L0:
   LDCB 0
L1:
   NOT
   STOREB
   LDGADDR 4
   LOADB
   BZ L2
   LDCSTR "not (x <= 10)"
   PUTSTR
   PUTEOL
   BR L3
L2:
   LDCSTR "x <= 10"
   PUTSTR
   PUTEOL
L3:
   HALT
Compilation complete.

### TesteCorrect_120 ok! ###

------------------------------------


#### Testando TesteCorrect_121 ####
*********** Resultado:
Starting compilation for Correct_121.cprl...
Checking constraints...
Generating code...
   PROGRAM 8
   LDGADDR 0
   LDCINT 5
   STOREW
   LDGADDR 4
   LDCINT 0
   STOREW
   LDGADDR 4
   LOADW
   LDCINT 0
   CMP
   BNZ L4
   LDCB 0
   BR L5
L4:
   LDGADDR 0
   LOADW
   LDGADDR 4
   LOADW
   DIV
   LDCINT 10
   CMP
   BGE L2
   LDCB 1
   BR L3
L2:
   LDCB 0
L3:
L5:
   BZ L6
   LDGADDR 0
   LOADW
   PUTINT
   PUTEOL
   BR L7
L6:
   LDGADDR 4
   LOADW
   PUTINT
   PUTEOL
L7:
   HALT
Compilation complete.

*********** Esperado:
Starting compilation for Correct_121.cprl...
Checking constraints...
Generating code...
   PROGRAM 8
   LDGADDR 0
   LDCINT 5
   STOREW
   LDGADDR 4
   LDCINT 0
   STOREW
   LDGADDR 4
   LOADW
   LDCINT 0
   CMP
   BNZ L4
   LDCB 0
   BR L5
L4:
   LDGADDR 0
   LOADW
   LDGADDR 4
   LOADW
   DIV
   LDCINT 10
   CMP
   BGE L2
   LDCB 1
   BR L3
L2:
   LDCB 0
L3:
L5:
   BZ L6
   LDGADDR 0
   LOADW
   PUTINT
   PUTEOL
   BR L7
L6:
   LDGADDR 4
   LOADW
   PUTINT
   PUTEOL
L7:
   HALT
Compilation complete.

### TesteCorrect_121 ok! ###

------------------------------------


#### Testando TesteCorrect_122 ####
*********** Resultado:
Starting compilation for Correct_122.cprl...
Checking constraints...
Generating code...
   PROGRAM 8
   LDCB 0
   LDCB 0
   LDCB 0
   LDCB 0
   LDCB 0
   LDCB 0
   LDCB 0
   LDCB 1
   CMP
   BGE L2
   LDCSTR "false < true"
   PUTSTR
   PUTEOL
   BR L3
L2:
   LDCSTR "false >= true"
   PUTSTR
   PUTEOL
L3:
   LDCB 0
   LDCB 0
   LDCCH 'a'
   LDCB 0
   LDCB 0
   LDCCH 'b'
   CMP
   BGE L6
   LDCSTR "'a' < 'b'"
   PUTSTR
   PUTEOL
   BR L7
L6:
   LDCSTR "'a' >= 'b'"
   PUTSTR
   PUTEOL
L7:
   HALT
Compilation complete.

*********** Esperado:
Starting compilation for Correct_122.cprl...
Checking constraints...
Generating code...
   PROGRAM 8
   LDCB 0
   LDCB 0
   LDCB 0
   LDCB 0
   LDCB 0
   LDCB 0
   LDCB 0
   LDCB 1
   CMP
   BGE L2
   LDCSTR "false < true"
   PUTSTR
   PUTEOL
   BR L3
L2:
   LDCSTR "false >= true"
   PUTSTR
   PUTEOL
L3:
   LDCB 0
   LDCB 0
   LDCCH 'a'
   LDCB 0
   LDCB 0
   LDCCH 'b'
   CMP
   BGE L6
   LDCSTR "'a' < 'b'"
   PUTSTR
   PUTEOL
   BR L7
L6:
   LDCSTR "'a' >= 'b'"
   PUTSTR
   PUTEOL
L7:
   HALT
Compilation complete.

### TesteCorrect_122 ok! ###

------------------------------------


#### Testando TesteCorrect_123 ####
*********** Resultado:
Starting compilation for Correct_123.cprl...
Checking constraints...
Generating code...
   PROGRAM 12
   LDGADDR 0
   LDCINT 16
   STOREW
   LDGADDR 4
   LDCINT 4
   STOREW
   LDGADDR 8
   LDCINT 2
   STOREW
   LDCSTR " left-associative: "
   PUTSTR
   LDGADDR 0
   LOADW
   LDGADDR 4
   LOADW
   SUB
   LDGADDR 8
   LOADW
   SUB
   PUTINT
   PUTEOL
   LDCSTR "right-associative: "
   PUTSTR
   LDGADDR 0
   LOADW
   LDGADDR 4
   LOADW
   LDGADDR 8
   LOADW
   SUB
   SUB
   PUTINT
   PUTEOL
   LDCSTR "             cprl: "
   PUTSTR
   LDGADDR 0
   LOADW
   LDGADDR 4
   LOADW
   SUB
   LDGADDR 8
   LOADW
   SUB
   PUTINT
   PUTEOL
   PUTEOL
   LDCSTR " left-associative: "
   PUTSTR
   LDGADDR 0
   LOADW
   LDGADDR 4
   LOADW
   DIV
   LDGADDR 8
   LOADW
   DIV
   PUTINT
   PUTEOL
   LDCSTR "right-associative: "
   PUTSTR
   LDGADDR 0
   LOADW
   LDGADDR 4
   LOADW
   LDGADDR 8
   LOADW
   DIV
   DIV
   PUTINT
   PUTEOL
   LDCSTR "             cprl: "
   PUTSTR
   LDGADDR 0
   LOADW
   LDGADDR 4
   LOADW
   DIV
   LDGADDR 8
   LOADW
   DIV
   PUTINT
   PUTEOL
   HALT
Compilation complete.

*********** Esperado:
Starting compilation for Correct_123.cprl...
Checking constraints...
Generating code...
   PROGRAM 12
   LDGADDR 0
   LDCINT 16
   STOREW
   LDGADDR 4
   LDCINT 4
   STOREW
   LDGADDR 8
   LDCINT 2
   STOREW
   LDCSTR " left-associative: "
   PUTSTR
   LDGADDR 0
   LOADW
   LDGADDR 4
   LOADW
   SUB
   LDGADDR 8
   LOADW
   SUB
   PUTINT
   PUTEOL
   LDCSTR "right-associative: "
   PUTSTR
   LDGADDR 0
   LOADW
   LDGADDR 4
   LOADW
   LDGADDR 8
   LOADW
   SUB
   SUB
   PUTINT
   PUTEOL
   LDCSTR "             cprl: "
   PUTSTR
   LDGADDR 0
   LOADW
   LDGADDR 4
   LOADW
   SUB
   LDGADDR 8
   LOADW
   SUB
   PUTINT
   PUTEOL
   PUTEOL
   LDCSTR " left-associative: "
   PUTSTR
   LDGADDR 0
   LOADW
   LDGADDR 4
   LOADW
   DIV
   LDGADDR 8
   LOADW
   DIV
   PUTINT
   PUTEOL
   LDCSTR "right-associative: "
   PUTSTR
   LDGADDR 0
   LOADW
   LDGADDR 4
   LOADW
   LDGADDR 8
   LOADW
   DIV
   DIV
   PUTINT
   PUTEOL
   LDCSTR "             cprl: "
   PUTSTR
   LDGADDR 0
   LOADW
   LDGADDR 4
   LOADW
   DIV
   LDGADDR 8
   LOADW
   DIV
   PUTINT
   PUTEOL
   HALT
Compilation complete.

### TesteCorrect_123 ok! ###

------------------------------------


#### Testando TesteCorrect_124 ####
*********** Resultado:
Starting compilation for Correct_124.cprl...
Checking constraints...
Generating code...
   PROGRAM 6
   LDGADDR 4
   LDCCH 'Z'
   STORE2B
   LDCSTR "Enter 2 characters: "
   PUTSTR
   LDGADDR 0
   GETCH
   STORE2B
   LDGADDR 2
   GETCH
   STORE2B
   PUTEOL
   LDCSTR "c1 = "
   PUTSTR
   LDGADDR 0
   LOAD2B
   PUTCH
   PUTEOL
   LDCSTR "c2 = "
   PUTSTR
   LDGADDR 2
   LOAD2B
   PUTCH
   PUTEOL
   LDCSTR "c3 = "
   PUTSTR
   LDGADDR 4
   LOAD2B
   PUTCH
   PUTEOL
   HALT
Compilation complete.

*********** Esperado:
Starting compilation for Correct_124.cprl...
Checking constraints...
Generating code...
   PROGRAM 6
   LDGADDR 4
   LDCCH 'Z'
   STORE2B
   LDCSTR "Enter 2 characters: "
   PUTSTR
   LDGADDR 0
   GETCH
   STORE2B
   LDGADDR 2
   GETCH
   STORE2B
   PUTEOL
   LDCSTR "c1 = "
   PUTSTR
   LDGADDR 0
   LOAD2B
   PUTCH
   PUTEOL
   LDCSTR "c2 = "
   PUTSTR
   LDGADDR 2
   LOAD2B
   PUTCH
   PUTEOL
   LDCSTR "c3 = "
   PUTSTR
   LDGADDR 4
   LOAD2B
   PUTCH
   PUTEOL
   HALT
Compilation complete.

### TesteCorrect_124 ok! ###

------------------------------------


#### Testando TesteCorrect_125 ####
*********** Resultado:
Starting compilation for Correct_125.cprl...
Checking constraints...
Generating code...
   PROGRAM 8
   LDGADDR 0
   LDCINT 1
   STOREW
L0:
   LDGADDR 0
   LDGADDR 0
   LOADW
   LDCINT 1
   ADD
   STOREW
   LDGADDR 4
   LDGADDR 0
   LOADW
   STOREW
L2:
   LDGADDR 4
   LDGADDR 4
   LOADW
   LDCINT 2
   ADD
   STOREW
   LDGADDR 4
   LOADW
   LDCINT 10
   CMP
   BG L3
   BR L2
L3:
   LDGADDR 0
   LOADW
   LDCINT 6
   CMP
   BZ L1
   BR L0
L1:
   LDCSTR "x = "
   PUTSTR
   LDGADDR 0
   LOADW
   PUTINT
   PUTEOL
   LDCSTR "y = "
   PUTSTR
   LDGADDR 4
   LOADW
   PUTINT
   PUTEOL
   HALT
Compilation complete.

*********** Esperado:
Starting compilation for Correct_125.cprl...
Checking constraints...
Generating code...
   PROGRAM 8
   LDGADDR 0
   LDCINT 1
   STOREW
L0:
   LDGADDR 0
   LDGADDR 0
   LOADW
   LDCINT 1
   ADD
   STOREW
   LDGADDR 4
   LDGADDR 0
   LOADW
   STOREW
L2:
   LDGADDR 4
   LDGADDR 4
   LOADW
   LDCINT 2
   ADD
   STOREW
   LDGADDR 4
   LOADW
   LDCINT 10
   CMP
   BG L3
   BR L2
L3:
   LDGADDR 0
   LOADW
   LDCINT 6
   CMP
   BZ L1
   BR L0
L1:
   LDCSTR "x = "
   PUTSTR
   LDGADDR 0
   LOADW
   PUTINT
   PUTEOL
   LDCSTR "y = "
   PUTSTR
   LDGADDR 4
   LOADW
   PUTINT
   PUTEOL
   HALT
Compilation complete.

### TesteCorrect_125 ok! ###

------------------------------------


#### Testando TesteGCD0 ####
*********** Resultado:
Starting compilation for GCD0.cprl...
Checking constraints...
Generating code...
   PROGRAM 20
L0:
   LDCSTR "Enter value for a (0 to exit):  "
   PUTSTR
   LDGADDR 0
   GETINT
   STOREW
   LDCSTR "a = "
   PUTSTR
   LDGADDR 0
   LOADW
   PUTINT
   PUTEOL
   PUTEOL
   LDGADDR 0
   LOADW
   LDCINT 0
   CMP
   BZ L1
   LDCSTR "Enter value for b:  "
   PUTSTR
   LDGADDR 4
   GETINT
   STOREW
   LDCSTR "b = "
   PUTSTR
   LDGADDR 4
   LOADW
   PUTINT
   PUTEOL
   PUTEOL
   LDGADDR 8
   LDGADDR 0
   LOADW
   STOREW
   LDGADDR 12
   LDGADDR 4
   LOADW
   STOREW
   LDGADDR 8
   LOADW
   LDCINT 0
   CMP
   BGE L6
   LDGADDR 8
   LDGADDR 8
   LOADW
   NEG
   STOREW
L6:
L7:
   LDGADDR 12
   LOADW
   LDCINT 0
   CMP
   BGE L10
   LDGADDR 12
   LDGADDR 12
   LOADW
   NEG
   STOREW
L10:
L11:
L12:
   LDGADDR 16
   LDGADDR 8
   LOADW
   STOREW
   LDGADDR 8
   LDGADDR 12
   LOADW
   STOREW
   LDGADDR 12
   LDGADDR 16
   LOADW
   LDGADDR 12
   LOADW
   MOD
   STOREW
   LDGADDR 12
   LOADW
   LDCINT 0
   CMP
   BZ L13
   BR L12
L13:
   LDCSTR "GCD("
   PUTSTR
   LDGADDR 0
   LOADW
   PUTINT
   LDCSTR ", "
   PUTSTR
   LDGADDR 4
   LOADW
   PUTINT
   LDCSTR ") = "
   PUTSTR
   LDGADDR 8
   LOADW
   PUTINT
   PUTEOL
   PUTEOL
   BR L0
L1:
   LDCSTR "Done."
   PUTSTR
   PUTEOL
   HALT
Compilation complete.

*********** Esperado:
Starting compilation for GCD0.cprl...
Checking constraints...
Generating code...
   PROGRAM 20
L0:
   LDCSTR "Enter value for a (0 to exit):  "
   PUTSTR
   LDGADDR 0
   GETINT
   STOREW
   LDCSTR "a = "
   PUTSTR
   LDGADDR 0
   LOADW
   PUTINT
   PUTEOL
   PUTEOL
   LDGADDR 0
   LOADW
   LDCINT 0
   CMP
   BZ L1
   LDCSTR "Enter value for b:  "
   PUTSTR
   LDGADDR 4
   GETINT
   STOREW
   LDCSTR "b = "
   PUTSTR
   LDGADDR 4
   LOADW
   PUTINT
   PUTEOL
   PUTEOL
   LDGADDR 8
   LDGADDR 0
   LOADW
   STOREW
   LDGADDR 12
   LDGADDR 4
   LOADW
   STOREW
   LDGADDR 8
   LOADW
   LDCINT 0
   CMP
   BGE L6
   LDGADDR 8
   LDGADDR 8
   LOADW
   NEG
   STOREW
L6:
L7:
   LDGADDR 12
   LOADW
   LDCINT 0
   CMP
   BGE L10
   LDGADDR 12
   LDGADDR 12
   LOADW
   NEG
   STOREW
L10:
L11:
L12:
   LDGADDR 16
   LDGADDR 8
   LOADW
   STOREW
   LDGADDR 8
   LDGADDR 12
   LOADW
   STOREW
   LDGADDR 12
   LDGADDR 16
   LOADW
   LDGADDR 12
   LOADW
   MOD
   STOREW
   LDGADDR 12
   LOADW
   LDCINT 0
   CMP
   BZ L13
   BR L12
L13:
   LDCSTR "GCD("
   PUTSTR
   LDGADDR 0
   LOADW
   PUTINT
   LDCSTR ", "
   PUTSTR
   LDGADDR 4
   LOADW
   PUTINT
   LDCSTR ") = "
   PUTSTR
   LDGADDR 8
   LOADW
   PUTINT
   PUTEOL
   PUTEOL
   BR L0
L1:
   LDCSTR "Done."
   PUTSTR
   PUTEOL
   HALT
Compilation complete.

### TesteGCD0 ok! ###

------------------------------------


#### Testando TesteCorrect_201 ####
*********** Resultado:
Starting compilation for Correct_201.cprl...
Checking constraints...
Generating code...
   PROGRAM 4
   BR L1
L0:
   PROC 0
   LDLADDR -4
   LOADW
   LOADW
   PUTINT
   LDCSTR "   "
   PUTSTR
   LDLADDR -4
   LOADW
   LDCINT 6
   STOREW
   LDGADDR 0
   LOADW
   PUTINT
   LDCSTR "   "
   PUTSTR
   LDLADDR -4
   LOADW
   LDCINT 7
   STOREW
   RET 4
L1:
   LDGADDR 0
   LDCINT 5
   STOREW
   LDGADDR 0
   LOADW
   PUTINT
   PUTEOL
   HALT
Compilation complete.

*********** Esperado:
Starting compilation for Correct_201.cprl...
Checking constraints...
Generating code...
   PROGRAM 4
   BR L1
L0:
   PROC 0
   LDLADDR -4
   LOADW
   LOADW
   PUTINT
   LDCSTR "   "
   PUTSTR
   LDLADDR -4
   LOADW
   LDCINT 6
   STOREW
   LDGADDR 0
   LOADW
   PUTINT
   LDCSTR "   "
   PUTSTR
   LDLADDR -4
   LOADW
   LDCINT 7
   STOREW
   RET 4
L1:
   LDGADDR 0
   LDCINT 5
   STOREW
   LDGADDR 0
   CALL L0
   LDGADDR 0
   LOADW
   PUTINT
   PUTEOL
   HALT
Compilation complete.
]]></system-out>
  <system-err><![CDATA[Processando TesteHello
Processando TesteCorrect_101
Processando TesteCorrect_102
Processando TesteCorrect_103
Processando TesteCorrect_104
Processando TesteCorrect_105
Processando TesteCorrect_106
Processando TesteCorrect_107
Processando TesteCorrect_108
Processando TesteCorrect_109
Processando TesteCorrect_110
Processando TesteCorrect_111
Processando TesteCorrect_112
Processando TesteCorrect_113
Processando TesteCorrect_114
Processando TesteCorrect_115
Processando TesteCorrect_116
Processando TesteCorrect_117
Processando TesteCorrect_118
Processando TesteCorrect_119
Processando TesteCorrect_120
Processando TesteCorrect_121
Processando TesteCorrect_122
Processando TesteCorrect_123
Processando TesteCorrect_124
Processando TesteCorrect_125
Processando TesteGCD0
Processando TesteCorrect_201
Processando TesteCorrect_202
Processando TesteCorrect_203
Processando TesteCorrect_204
Processando TesteCorrect_205
Processando TesteCorrect_206
Processando TesteCorrect_207
Processando TesteCorrect_208
Processando TesteCorrect_209
Processando TesteCorrect_210
Processando TesteCorrect_211
Processando TesteCorrect_212
Processando TesteCorrect_213
Processando TesteCorrect_214
Processando TesteCorrect_215
Processando TesteGCD
Processando TesteInc
Processando TesteMax
Processando TesteAbs
Processando TesteComposition
Processando TesteReverse
Processando TesteHanoi
Processando TesteCorrect_301
Processando TesteCorrect_302
Processando TesteCorrect_303
Processando TesteCorrect_304
Processando TesteCorrect_401
Processando TesteQuickSort
Processando TesteSort
]]></system-err>
</testsuite>
