<?xml version="1.0" encoding="UTF-8" ?>
<testsuite errors="0" failures="0" hostname="DESKTOP-ML53M96" name="test.cprl.TesteEmLoteParser04Todos" skipped="0" tests="1" time="0.473" timestamp="2021-05-26T22:01:09">
  <properties>
[...]
</properties>
  <testcase classname="test.cprl.TesteEmLoteParser04Todos" name="testeEmLoteParser04Todos" time="0.24" />
  <system-out><![CDATA[#### Testando TesteIncorrect_101 ####
*********** Resultado:
Parsing Incorrect_101.cprl...
*** Syntax error detected near line 7, character 4:
    Expecting ";" but found "else" instead.
Errors detected -- parsing terminated.

*********** Esperado:
Parsing Incorrect_101.cprl...
*** Syntax error detected near line 7, character 4:
    Expecting ";" but found "else" instead.
Errors detected -- parsing terminated.

### TesteIncorrect_101 ok! ###

------------------------------------


#### Testando TesteIncorrect_102 ####
*********** Resultado:
Parsing Incorrect_102.cprl...
*** Syntax error detected near line 8, character 4:
    Expecting "." but found ";" instead.
Errors detected -- parsing terminated.

*********** Esperado:
Parsing Incorrect_102.cprl...
*** Syntax error detected near line 8, character 4:
    Expecting "." but found ";" instead.
Errors detected -- parsing terminated.

### TesteIncorrect_102 ok! ###

------------------------------------


#### Testando TesteIncorrect_103 ####
*********** Resultado:
Parsing Incorrect_103.cprl...
*** Syntax error detected near line 7, character 4:
    Identifier "i" cannot start a statement.
Errors detected -- parsing terminated.

*********** Esperado:
Parsing Incorrect_103.cprl...
*** Syntax error detected near line 7, character 4:
    Identifier "i" cannot start a statement.
Errors detected -- parsing terminated.

### TesteIncorrect_103 ok! ###

------------------------------------


#### Testando TesteIncorrect_104 ####
*********** Resultado:
Parsing Incorrect_104.cprl...
*** Syntax error detected near line 6, character 13:
    Identifier "z" has not been declared.
Errors detected -- parsing terminated.

*********** Esperado:
Parsing Incorrect_104.cprl...
*** Syntax error detected near line 6, character 13:
    Identifier "z" has not been declared.
Errors detected -- parsing terminated.

### TesteIncorrect_104 ok! ###

------------------------------------


#### Testando TesteIncorrect_105 ####
*********** Resultado:
Parsing Incorrect_105.cprl...
*** Syntax error detected near line 5, character 9:
    Identifier "FALSE" has not been declared.
Errors detected -- parsing terminated.

*********** Esperado:
Parsing Incorrect_105.cprl...
*** Syntax error detected near line 5, character 9:
    Identifier "FALSE" has not been declared.
Errors detected -- parsing terminated.

### TesteIncorrect_105 ok! ###

------------------------------------


#### Testando TesteIncorrect_106 ####
*********** Resultado:
Parsing Incorrect_106.cprl...
*** Syntax error detected near line 5, character 13:
    Invalid literal expression.
Errors detected -- parsing terminated.

*********** Esperado:
Parsing Incorrect_106.cprl...
*** Syntax error detected near line 5, character 13:
    Invalid literal expression.
Errors detected -- parsing terminated.

### TesteIncorrect_106 ok! ###

------------------------------------


#### Testando TesteIncorrect_107 ####
*********** Resultado:
Parsing Incorrect_107.cprl...
Parsing complete.

*********** Esperado:
Parsing Incorrect_107.cprl...
Parsing complete.

### TesteIncorrect_107 ok! ###

------------------------------------


#### Testando TesteIncorrect_108 ####
*********** Resultado:
Parsing Incorrect_108.cprl...
Parsing complete.

*********** Esperado:
Parsing Incorrect_108.cprl...
Parsing complete.

### TesteIncorrect_108 ok! ###

------------------------------------


#### Testando TesteIncorrect_109 ####
*********** Resultado:
Parsing Incorrect_109.cprl...
*** Syntax error detected near line 2, character 7:
    Identifier "x" is already defined in the current scope.
Errors detected -- parsing terminated.

*********** Esperado:
Parsing Incorrect_109.cprl...
*** Syntax error detected near line 2, character 7:
    Identifier "x" is already defined in the current scope.
Errors detected -- parsing terminated.

### TesteIncorrect_109 ok! ###

------------------------------------


#### Testando TesteIncorrect_110 ####
*********** Resultado:
Parsing Incorrect_110.cprl...
*** Syntax error detected near line 5, character 1:
    Expecting ";" but found "end" instead.
Errors detected -- parsing terminated.

*********** Esperado:
Parsing Incorrect_110.cprl...
*** Syntax error detected near line 5, character 1:
    Expecting ";" but found "end" instead.
Errors detected -- parsing terminated.

### TesteIncorrect_110 ok! ###

------------------------------------


#### Testando TesteIncorrect_111 ####
*********** Resultado:
Parsing Incorrect_111.cprl...
Parsing complete.

*********** Esperado:
Parsing Incorrect_111.cprl...
Parsing complete.

### TesteIncorrect_111 ok! ###

------------------------------------


#### Testando TesteIncorrect_112 ####
*********** Resultado:
Parsing Incorrect_112.cprl...
*** Syntax error detected near line 1, character 9:
    Invalid type name.
Errors detected -- parsing terminated.

*********** Esperado:
Parsing Incorrect_112.cprl...
*** Syntax error detected near line 1, character 9:
    Invalid type name.
Errors detected -- parsing terminated.

### TesteIncorrect_112 ok! ###

------------------------------------


#### Testando TesteIncorrect_113 ####
*********** Resultado:
Parsing Incorrect_113.cprl...
*** Syntax error detected near line 5, character 4:
    Identifier "y" has not been declared.
Errors detected -- parsing terminated.

*********** Esperado:
Parsing Incorrect_113.cprl...
*** Syntax error detected near line 5, character 4:
    Identifier "y" has not been declared.
Errors detected -- parsing terminated.

### TesteIncorrect_113 ok! ###

------------------------------------


#### Testando TesteIncorrect_114 ####
*********** Resultado:
Parsing Incorrect_114.cprl...
Parsing complete.

*********** Esperado:
Parsing Incorrect_114.cprl...
Parsing complete.

### TesteIncorrect_114 ok! ###

------------------------------------


#### Testando TesteIncorrect_115 ####
*********** Resultado:
Parsing Incorrect_115.cprl...
*** Syntax error detected near line 7, character 6:
    Expecting ":=" but found "=" instead.
Errors detected -- parsing terminated.

*********** Esperado:
Parsing Incorrect_115.cprl...
*** Syntax error detected near line 7, character 6:
    Expecting ":=" but found "=" instead.
Errors detected -- parsing terminated.

### TesteIncorrect_115 ok! ###

------------------------------------


#### Testando TesteIncorrect_116 ####
*********** Resultado:
Parsing Incorrect_116.cprl...
Parsing complete.

*********** Esperado:
Parsing Incorrect_116.cprl...
Parsing complete.

### TesteIncorrect_116 ok! ###

------------------------------------


#### Testando TesteIncorrect_117 ####
*********** Resultado:
Parsing Incorrect_117.cprl...
Parsing complete.

*********** Esperado:
Parsing Incorrect_117.cprl...
Parsing complete.

### TesteIncorrect_117 ok! ###

------------------------------------


#### Testando TesteIncorrect_118 ####
*********** Resultado:
Parsing Incorrect_118.cprl...
Parsing complete.

*********** Esperado:
Parsing Incorrect_118.cprl...
Parsing complete.

### TesteIncorrect_118 ok! ###

------------------------------------


#### Testando TesteIncorrect_119 ####
*********** Resultado:
Parsing Incorrect_119.cprl...
Parsing complete.

*********** Esperado:
Parsing Incorrect_119.cprl...
Parsing complete.

### TesteIncorrect_119 ok! ###

------------------------------------


#### Testando TesteIncorrect_120 ####
*********** Resultado:
Parsing Incorrect_120.cprl...
Parsing complete.

*********** Esperado:
Parsing Incorrect_120.cprl...
Parsing complete.

### TesteIncorrect_120 ok! ###

------------------------------------


#### Testando TesteIncorrect_121 ####
*********** Resultado:
Parsing Incorrect_121.cprl...
Parsing complete.

*********** Esperado:
Parsing Incorrect_121.cprl...
Parsing complete.

### TesteIncorrect_121 ok! ###

------------------------------------


#### Testando TesteIncorrect_122 ####
*********** Resultado:
Parsing Incorrect_122.cprl...
*** Lexical error detected near line 8, character 30:
    Illegal escape character.
*** Lexical error detected near line 9, character 30:
    Illegal escape character.
Errors detected in Incorrect_122.cprl -- parsing terminated.

*********** Esperado:
Parsing Incorrect_122.cprl...
*** Lexical error detected near line 8, character 30:
    Illegal escape character.
*** Lexical error detected near line 9, character 30:
    Illegal escape character.
Errors detected in Incorrect_122.cprl -- parsing terminated.

### TesteIncorrect_122 ok! ###

------------------------------------


#### Testando TesteIncorrect_123 ####
*********** Resultado:
Parsing Incorrect_123.cprl...
*** Lexical error detected near line 8, character 37:
    Illegal escape character.
*** Lexical error detected near line 9, character 37:
    Illegal escape character.
Errors detected in Incorrect_123.cprl -- parsing terminated.

*********** Esperado:
Parsing Incorrect_123.cprl...
*** Lexical error detected near line 8, character 37:
    Illegal escape character.
*** Lexical error detected near line 9, character 37:
    Illegal escape character.
Errors detected in Incorrect_123.cprl -- parsing terminated.

### TesteIncorrect_123 ok! ###

------------------------------------


#### Testando TesteIncorrect_124 ####
*********** Resultado:
Parsing Incorrect_124.cprl...
Parsing complete.

*********** Esperado:
Parsing Incorrect_124.cprl...
Parsing complete.

### TesteIncorrect_124 ok! ###

------------------------------------


#### Testando TesteIncorrect_125 ####
*********** Resultado:
Parsing Incorrect_125.cprl...
Parsing complete.

*********** Esperado:
Parsing Incorrect_125.cprl...
Parsing complete.

### TesteIncorrect_125 ok! ###

------------------------------------


#### Testando TesteIncorrect_126 ####
*********** Resultado:
Parsing Incorrect_126.cprl...
*** Syntax error detected near line 9, character 7:
    Identifier "y" has not been declared.
Errors detected -- parsing terminated.

*********** Esperado:
Parsing Incorrect_126.cprl...
*** Syntax error detected near line 9, character 7:
    Identifier "y" has not been declared.
Errors detected -- parsing terminated.

### TesteIncorrect_126 ok! ###

------------------------------------


#### Testando TesteIncorrect_127 ####
*********** Resultado:
Parsing Incorrect_127.cprl...
Parsing complete.

*********** Esperado:
Parsing Incorrect_127.cprl...
Parsing complete.

### TesteIncorrect_127 ok! ###

------------------------------------


#### Testando TesteIncorrect_128 ####
*********** Resultado:
Parsing Incorrect_128.cprl...
*** Syntax error detected near line 8, character 1:
    Expecting "end" but found "and" instead.
Errors detected -- parsing terminated.

*********** Esperado:
Parsing Incorrect_128.cprl...
*** Syntax error detected near line 8, character 1:
    Expecting "end" but found "and" instead.
Errors detected -- parsing terminated.

### TesteIncorrect_128 ok! ###

------------------------------------


#### Testando TesteIncorrect_129 ####
*********** Resultado:
Parsing Incorrect_129.cprl...
*** Syntax error detected near line 1, character 8:
    Expecting ":=" but found "," instead.
Errors detected -- parsing terminated.

*********** Esperado:
Parsing Incorrect_129.cprl...
*** Syntax error detected near line 1, character 8:
    Expecting ":=" but found "," instead.
Errors detected -- parsing terminated.

### TesteIncorrect_129 ok! ###

------------------------------------


#### Testando TesteIncorrect_201 ####
*********** Resultado:
Parsing Incorrect_201.cprl...
Parsing complete.

*********** Esperado:
Parsing Incorrect_201.cprl...
Parsing complete.

### TesteIncorrect_201 ok! ###

------------------------------------


#### Testando TesteIncorrect_202 ####
*********** Resultado:
Parsing Incorrect_202.cprl...
Parsing complete.

*********** Esperado:
Parsing Incorrect_202.cprl...
Parsing complete.

### TesteIncorrect_202 ok! ###

------------------------------------


#### Testando TesteIncorrect_203 ####
*********** Resultado:
Parsing Incorrect_203.cprl...
*** Syntax error detected near line 4, character 1:
    Expecting "is" but found "begin" instead.
Errors detected -- parsing terminated.

*********** Esperado:
Parsing Incorrect_203.cprl...
*** Syntax error detected near line 4, character 1:
    Expecting "is" but found "begin" instead.
Errors detected -- parsing terminated.

### TesteIncorrect_203 ok! ###

------------------------------------


#### Testando TesteIncorrect_204 ####
*********** Resultado:
Parsing Incorrect_204.cprl...
Parsing complete.

*********** Esperado:
Parsing Incorrect_204.cprl...
Parsing complete.

### TesteIncorrect_204 ok! ###

------------------------------------


#### Testando TesteIncorrect_205 ####
*********** Resultado:
Parsing Incorrect_205.cprl...
*** Syntax error detected near line 3, character 7:
    Expecting ":" but found "=" instead.
Errors detected -- parsing terminated.

*********** Esperado:
Parsing Incorrect_205.cprl...
*** Syntax error detected near line 3, character 7:
    Expecting ":" but found "=" instead.
Errors detected -- parsing terminated.

### TesteIncorrect_205 ok! ###

------------------------------------


#### Testando TesteIncorrect_206 ####
*********** Resultado:
Parsing Incorrect_206.cprl...
Parsing complete.

*********** Esperado:
Parsing Incorrect_206.cprl...
Parsing complete.

### TesteIncorrect_206 ok! ###

------------------------------------


#### Testando TesteIncorrect_207 ####
*********** Resultado:
Parsing Incorrect_207.cprl...
Parsing complete.

*********** Esperado:
Parsing Incorrect_207.cprl...
Parsing complete.

### TesteIncorrect_207 ok! ###

------------------------------------


#### Testando TesteIncorrect_208 ####
*********** Resultado:
Parsing Incorrect_208.cprl...
Parsing complete.

*********** Esperado:
Parsing Incorrect_208.cprl...
Parsing complete.

### TesteIncorrect_208 ok! ###

------------------------------------


#### Testando TesteIncorrect_209 ####
*********** Resultado:
Parsing Incorrect_209.cprl...
Parsing complete.

*********** Esperado:
Parsing Incorrect_209.cprl...
Parsing complete.

### TesteIncorrect_209 ok! ###

------------------------------------


#### Testando TesteIncorrect_210 ####
*********** Resultado:
Parsing Incorrect_210.cprl...
*** Syntax error detected near line 10, character 1:
    Expecting ";" but found "end" instead.
Errors detected -- parsing terminated.

*********** Esperado:
Parsing Incorrect_210.cprl...
*** Syntax error detected near line 10, character 1:
    Expecting ";" but found "end" instead.
Errors detected -- parsing terminated.

### TesteIncorrect_210 ok! ###

------------------------------------


#### Testando TesteIncorrect_211 ####
*********** Resultado:
Parsing Incorrect_211.cprl...
*** Syntax error detected near line 12, character 5:
    Function name mismatch.
Errors detected -- parsing terminated.

*********** Esperado:
Parsing Incorrect_211.cprl...
*** Syntax error detected near line 12, character 5:
    Function name mismatch.
Errors detected -- parsing terminated.

### TesteIncorrect_211 ok! ###

------------------------------------


#### Testando TesteIncorrect_212 ####
*********** Resultado:
Parsing Incorrect_212.cprl...
Parsing complete.

*********** Esperado:
Parsing Incorrect_212.cprl...
Parsing complete.

### TesteIncorrect_212 ok! ###

------------------------------------


#### Testando TesteIncorrect_213 ####
*********** Resultado:
Parsing Incorrect_213.cprl...
Parsing complete.

*********** Esperado:
Parsing Incorrect_213.cprl...
Parsing complete.

### TesteIncorrect_213 ok! ###

------------------------------------


#### Testando TesteIncorrect_214 ####
*********** Resultado:
Parsing Incorrect_214.cprl...
Parsing complete.

*********** Esperado:
Parsing Incorrect_214.cprl...
Parsing complete.

### TesteIncorrect_214 ok! ###

------------------------------------


#### Testando TesteIncorrect_215 ####
*********** Resultado:
Parsing Incorrect_215.cprl...
*** Syntax error detected near line 9, character 5:
    Function name mismatch.
Errors detected -- parsing terminated.

*********** Esperado:
Parsing Incorrect_215.cprl...
*** Syntax error detected near line 9, character 5:
    Function name mismatch.
Errors detected -- parsing terminated.

### TesteIncorrect_215 ok! ###

------------------------------------


#### Testando TesteIncorrect_216 ####
*********** Resultado:
Parsing Incorrect_216.cprl...
Parsing complete.

*********** Esperado:
Parsing Incorrect_216.cprl...
Parsing complete.

### TesteIncorrect_216 ok! ###

------------------------------------


#### Testando TesteIncorrect_217 ####
*********** Resultado:
Parsing Incorrect_217.cprl...
Parsing complete.

*********** Esperado:
Parsing Incorrect_217.cprl...
Parsing complete.

### TesteIncorrect_217 ok! ###

------------------------------------


#### Testando TesteIncorrect_218 ####
*********** Resultado:
Parsing Incorrect_218.cprl...
*** Syntax error detected near line 13, character 12:
    Identifier "inc" is not valid as an expression.
Errors detected -- parsing terminated.

*********** Esperado:
Parsing Incorrect_218.cprl...
*** Syntax error detected near line 13, character 12:
    Identifier "inc" is not valid as an expression.
Errors detected -- parsing terminated.

### TesteIncorrect_218 ok! ###

------------------------------------


#### Testando TesteIncorrect_219 ####
*********** Resultado:
Parsing Incorrect_219.cprl...
Parsing complete.

*********** Esperado:
Parsing Incorrect_219.cprl...
Parsing complete.

### TesteIncorrect_219 ok! ###

------------------------------------


#### Testando TesteIncorrect_220 ####
*********** Resultado:
Parsing Incorrect_220.cprl...
Parsing complete.

*********** Esperado:
Parsing Incorrect_220.cprl...
Parsing complete.

### TesteIncorrect_220 ok! ###

------------------------------------


#### Testando TesteIncorrect_221 ####
*********** Resultado:
Parsing Incorrect_221.cprl...
Parsing complete.

*********** Esperado:
Parsing Incorrect_221.cprl...
Parsing complete.

### TesteIncorrect_221 ok! ###

------------------------------------


#### Testando TesteIncorrect_222 ####
*********** Resultado:
Parsing Incorrect_222.cprl...
Parsing complete.

*********** Esperado:
Parsing Incorrect_222.cprl...
Parsing complete.

### TesteIncorrect_222 ok! ###

------------------------------------


#### Testando TesteIncorrect_301 ####
*********** Resultado:
Parsing Incorrect_301.cprl...
Parsing complete.

*********** Esperado:
Parsing Incorrect_301.cprl...
Parsing complete.

### TesteIncorrect_301 ok! ###

------------------------------------


#### Testando TesteIncorrect_302 ####
*********** Resultado:
Parsing Incorrect_302.cprl...
Parsing complete.

*********** Esperado:
Parsing Incorrect_302.cprl...
Parsing complete.

### TesteIncorrect_302 ok! ###

------------------------------------


#### Testando TesteIncorrect_303 ####
*********** Resultado:
Parsing Incorrect_303.cprl...
Parsing complete.

*********** Esperado:
Parsing Incorrect_303.cprl...
Parsing complete.

### TesteIncorrect_303 ok! ###

------------------------------------


#### Testando TesteIncorrect_304 ####
*********** Resultado:
Parsing Incorrect_304.cprl...
Parsing complete.

*********** Esperado:
Parsing Incorrect_304.cprl...
Parsing complete.

### TesteIncorrect_304 ok! ###

------------------------------------


#### Testando TesteIncorrect_305 ####
*********** Resultado:
Parsing Incorrect_305.cprl...
*** Syntax error detected near line 1, character 16:
    Invalid constant.
Errors detected -- parsing terminated.

*********** Esperado:
Parsing Incorrect_305.cprl...
*** Syntax error detected near line 1, character 16:
    Invalid constant.
Errors detected -- parsing terminated.

### TesteIncorrect_305 ok! ###

------------------------------------


]]></system-out>
  <system-err><![CDATA[Processando TesteIncorrect_101
Processando TesteIncorrect_102
Processando TesteIncorrect_103
Processando TesteIncorrect_104
Processando TesteIncorrect_105
Processando TesteIncorrect_106
Processando TesteIncorrect_107
Processando TesteIncorrect_108
Processando TesteIncorrect_109
Processando TesteIncorrect_110
Processando TesteIncorrect_111
Processando TesteIncorrect_112
Processando TesteIncorrect_113
Processando TesteIncorrect_114
Processando TesteIncorrect_115
Processando TesteIncorrect_116
Processando TesteIncorrect_117
Processando TesteIncorrect_118
Processando TesteIncorrect_119
Processando TesteIncorrect_120
Processando TesteIncorrect_121
Processando TesteIncorrect_122
Processando TesteIncorrect_123
Processando TesteIncorrect_124
Processando TesteIncorrect_125
Processando TesteIncorrect_126
Processando TesteIncorrect_127
Processando TesteIncorrect_128
Processando TesteIncorrect_129
Processando TesteIncorrect_201
Processando TesteIncorrect_202
Processando TesteIncorrect_203
Processando TesteIncorrect_204
Processando TesteIncorrect_205
Processando TesteIncorrect_206
Processando TesteIncorrect_207
Processando TesteIncorrect_208
Processando TesteIncorrect_209
Processando TesteIncorrect_210
Processando TesteIncorrect_211
Processando TesteIncorrect_212
Processando TesteIncorrect_213
Processando TesteIncorrect_214
Processando TesteIncorrect_215
Processando TesteIncorrect_216
Processando TesteIncorrect_217
Processando TesteIncorrect_218
Processando TesteIncorrect_219
Processando TesteIncorrect_220
Processando TesteIncorrect_221
Processando TesteIncorrect_222
Processando TesteIncorrect_301
Processando TesteIncorrect_302
Processando TesteIncorrect_303
Processando TesteIncorrect_304
Processando TesteIncorrect_305
]]></system-err>
</testsuite>
